2022-06-13 13:42:55 | INFO  | src/main.rs:45 — 0.0258
2022-06-13 13:45:11 | INFO  | src/main.rs:124 — 2022-06-13 10:40:00 - open=0.02566 - sar=0.02515 - pos=buy - 2022-06-13 10:45:11.586771 UTC - LastStep - p_wma=0.02604 - high=0.02588 - low=0.02553
2022-06-13 13:50:11 | INFO  | src/main.rs:124 — 2022-06-13 10:45:00 - open=0.02585 - sar=0.02524 - pos=buy - 2022-06-13 10:50:11.343275 UTC - LastStep - p_wma=0.02622 - high=0.02595 - low=0.02552
2022-06-13 13:55:11 | INFO  | src/main.rs:124 — 2022-06-13 10:50:00 - open=0.02541 - sar=0.02530 - pos=buy - 2022-06-13 10:55:11.341379 UTC - LastStep - p_wma=0.02602 - high=0.02587 - low=0.0253
2022-06-13 14:00:11 | INFO  | src/main.rs:124 — 2022-06-13 10:55:00 - open=0.02536 - sar=0.02595 - pos=buy - 2022-06-13 11:00:11.068445 UTC - LastStep - p_wma=0.02579 - high=0.02553 - low=0.02536
2022-06-13 14:00:11 | INFO  | src/main.rs:213 — sell
2022-06-13 14:00:11 | INFO  | src/main.rs:215 — 2022-06-13 10:55:00 - 0.02528 - 3955.6962025316457
2022-06-13 14:05:11 | INFO  | src/main.rs:124 — 2022-06-13 11:00:00 - open=0.02525 - sar=0.02593 - pos=sell - 2022-06-13 11:05:11.430225 UTC - LastStep - p_wma=0.02493 - high=0.02545 - low=0.02523
2022-06-13 14:10:10 | INFO  | src/main.rs:124 — 2022-06-13 11:05:00 - open=0.02545 - sar=0.02590 - pos=sell - 2022-06-13 11:10:10.829251 UTC - LastStep - p_wma=0.02489 - high=0.02544 - low=0.02515
2022-06-13 14:15:11 | INFO  | src/main.rs:124 — 2022-06-13 11:10:00 - open=0.02489 - sar=0.02584 - pos=sell - 2022-06-13 11:15:11.699532 UTC - LastStep - p_wma=0.02454 - high=0.02546 - low=0.02487
2022-06-13 14:20:10 | INFO  | src/main.rs:124 — 2022-06-13 11:15:00 - open=0.02489 - sar=0.02574 - pos=sell - 2022-06-13 11:20:10.953832 UTC - LastStep - p_wma=0.02434 - high=0.02497 - low=0.02474
2022-06-13 14:25:10 | INFO  | src/main.rs:124 — 2022-06-13 11:20:00 - open=0.02465 - sar=0.02562 - pos=sell - 2022-06-13 11:25:10.945829 UTC - LastStep - p_wma=0.02407 - high=0.02496 - low=0.02458
2022-06-13 14:30:11 | INFO  | src/main.rs:124 — 2022-06-13 11:25:00 - open=0.02443 - sar=0.02547 - pos=sell - 2022-06-13 11:30:11.159592 UTC - LastStep - p_wma=0.02380 - high=0.02469 - low=0.02443
2022-06-13 14:35:10 | INFO  | src/main.rs:124 — 2022-06-13 11:30:00 - open=0.02442 - sar=0.02531 - pos=sell - 2022-06-13 11:35:10.612888 UTC - LastStep - p_wma=0.02364 - high=0.02465 - low=0.02434
2022-06-13 14:40:10 | INFO  | src/main.rs:124 — 2022-06-13 11:35:00 - open=0.02472 - sar=0.02516 - pos=sell - 2022-06-13 11:40:10.794084 UTC - LastStep - p_wma=0.02384 - high=0.02486 - low=0.02437
2022-06-13 14:45:10 | INFO  | src/main.rs:124 — 2022-06-13 11:40:00 - open=0.02482 - sar=0.02504 - pos=sell - 2022-06-13 11:45:10.741436 UTC - LastStep - p_wma=0.02411 - high=0.02486 - low=0.0247
2022-06-13 14:50:11 | INFO  | src/main.rs:124 — 2022-06-13 11:45:00 - open=0.02483 - sar=0.02494 - pos=sell - 2022-06-13 11:50:11.167522 UTC - LastStep - p_wma=0.02438 - high=0.02494 - low=0.02466
2022-06-13 14:55:12 | INFO  | src/main.rs:124 — 2022-06-13 11:50:00 - open=0.02471 - sar=0.02494 - pos=sell - 2022-06-13 11:55:12.005506 UTC - LastStep - p_wma=0.02453 - high=0.02492 - low=0.0247
2022-06-13 15:00:11 | INFO  | src/main.rs:124 — 2022-06-13 11:55:00 - open=0.02468 - sar=0.02434 - pos=sell - 2022-06-13 12:00:11.100117 UTC - LastStep - p_wma=0.02454 - high=0.0249 - low=0.02461
2022-06-13 15:00:11 | INFO  | src/main.rs:143 — buy
2022-06-13 15:00:11 | INFO  | src/main.rs:145 — 2022-06-13 11:55:00 - 0.02503 - 0.98892 - 0.98892 - 3995.2057530962843
2022-06-13 15:05:10 | INFO  | src/main.rs:124 — 2022-06-13 12:00:00 - open=0.02514 - sar=0.02436 - pos=buy - 2022-06-13 12:05:10.925287 UTC - LastStep - p_wma=0.02541 - high=0.02515 - low=0.02459
2022-06-13 15:10:11 | INFO  | src/main.rs:124 — 2022-06-13 12:05:00 - open=0.02545 - sar=0.02441 - pos=buy - 2022-06-13 12:10:11.161499 UTC - LastStep - p_wma=0.02579 - high=0.02554 - low=0.02512
2022-06-13 15:15:11 | INFO  | src/main.rs:124 — 2022-06-13 12:10:00 - open=0.02552 - sar=0.02448 - pos=buy - 2022-06-13 12:15:11.527362 UTC - LastStep - p_wma=0.02611 - high=0.02559 - low=0.02536
2022-06-13 15:20:10 | INFO  | src/main.rs:124 — 2022-06-13 12:15:00 - open=0.02628 - sar=0.02465 - pos=buy - 2022-06-13 12:20:10.789542 UTC - LastStep - p_wma=0.02682 - high=0.02646 - low=0.02551
2022-06-13 15:25:11 | INFO  | src/main.rs:124 — 2022-06-13 12:20:00 - open=0.02575 - sar=0.02480 - pos=buy - 2022-06-13 12:25:11.029042 UTC - LastStep - p_wma=0.02687 - high=0.02631 - low=0.0257
2022-06-13 15:30:10 | INFO  | src/main.rs:124 — 2022-06-13 12:25:00 - open=0.02599 - sar=0.02494 - pos=buy - 2022-06-13 12:30:10.860626 UTC - LastStep - p_wma=0.02695 - high=0.02606 - low=0.02573
2022-06-13 15:35:11 | INFO  | src/main.rs:124 — 2022-06-13 12:30:00 - open=0.02602 - sar=0.02507 - pos=buy - 2022-06-13 12:35:11.066523 UTC - LastStep - p_wma=0.02697 - high=0.02604 - low=0.02581
2022-06-13 15:40:10 | INFO  | src/main.rs:124 — 2022-06-13 12:35:00 - open=0.02611 - sar=0.02518 - pos=buy - 2022-06-13 12:40:10.728541 UTC - LastStep - p_wma=0.02698 - high=0.02616 - low=0.02588
2022-06-13 15:45:11 | INFO  | src/main.rs:124 — 2022-06-13 12:40:00 - open=0.02581 - sar=0.02529 - pos=buy - 2022-06-13 12:45:11.179732 UTC - LastStep - p_wma=0.02672 - high=0.02612 - low=0.02575
2022-06-13 15:50:11 | INFO  | src/main.rs:124 — 2022-06-13 12:45:00 - open=0.02566 - sar=0.02539 - pos=buy - 2022-06-13 12:50:11.415593 UTC - LastStep - p_wma=0.02643 - high=0.02592 - low=0.02559
2022-06-13 15:55:10 | INFO  | src/main.rs:124 — 2022-06-13 12:50:00 - open=0.02557 - sar=0.02646 - pos=buy - 2022-06-13 12:55:10.835651 UTC - LastStep - p_wma=0.02610 - high=0.02579 - low=0.02548
2022-06-13 15:55:11 | INFO  | src/main.rs:186 — sell
2022-06-13 15:55:11 | INFO  | src/main.rs:188 — 2022-06-13 12:50:00 - 0.02546 - 1.71794 - 2.70686 - 3927.7297721916734
2022-06-13 16:00:10 | INFO  | src/main.rs:124 — 2022-06-13 12:55:00 - open=0.02544 - sar=0.02644 - pos=sell - 2022-06-13 13:00:10.897232 UTC - LastStep - p_wma=0.02476 - high=0.0257 - low=0.02542
2022-06-13 16:05:10 | INFO  | src/main.rs:124 — 2022-06-13 13:00:00 - open=0.02527 - sar=0.02639 - pos=sell - 2022-06-13 13:05:10.921396 UTC - LastStep - p_wma=0.02448 - high=0.02545 - low=0.0252
2022-06-13 16:10:10 | INFO  | src/main.rs:124 — 2022-06-13 13:05:00 - open=0.02521 - sar=0.02630 - pos=sell - 2022-06-13 13:10:10.728587 UTC - LastStep - p_wma=0.02430 - high=0.02536 - low=0.02505
2022-06-13 16:15:11 | INFO  | src/main.rs:124 — 2022-06-13 13:10:00 - open=0.02526 - sar=0.02622 - pos=sell - 2022-06-13 13:15:11.210321 UTC - LastStep - p_wma=0.02428 - high=0.02534 - low=0.02512
2022-06-13 16:20:11 | INFO  | src/main.rs:124 — 2022-06-13 13:15:00 - open=0.02521 - sar=0.02615 - pos=sell - 2022-06-13 13:20:11.157282 UTC - LastStep - p_wma=0.02427 - high=0.02548 - low=0.02516
2022-06-13 16:25:11 | INFO  | src/main.rs:124 — 2022-06-13 13:20:00 - open=0.02496 - sar=0.02605 - pos=sell - 2022-06-13 13:25:11.592692 UTC - LastStep - p_wma=0.02414 - high=0.02534 - low=0.02492
2022-06-13 16:30:11 | INFO  | src/main.rs:124 — 2022-06-13 13:25:00 - open=0.02502 - sar=0.02592 - pos=sell - 2022-06-13 13:30:11.021698 UTC - LastStep - p_wma=0.02414 - high=0.02519 - low=0.02488
2022-06-13 16:35:10 | INFO  | src/main.rs:124 — 2022-06-13 13:30:00 - open=0.02498 - sar=0.02488 - pos=sell - 2022-06-13 13:35:10.800559 UTC - LastStep - p_wma=0.02415 - high=0.02518 - low=0.02491
2022-06-13 16:35:11 | INFO  | src/main.rs:143 — buy
2022-06-13 16:35:11 | INFO  | src/main.rs:145 — 2022-06-13 13:30:00 - 0.02563 - -0.66771 - 2.03915 - 3901.6777214202107
2022-06-13 16:40:11 | INFO  | src/main.rs:124 — 2022-06-13 13:35:00 - open=0.0256 - sar=0.02490 - pos=buy - 2022-06-13 13:40:11.200686 UTC - LastStep - p_wma=0.02553 - high=0.02591 - low=0.02495
2022-06-13 16:45:10 | INFO  | src/main.rs:124 — 2022-06-13 13:40:00 - open=0.02537 - sar=0.02492 - pos=buy - 2022-06-13 13:45:10.716544 UTC - LastStep - p_wma=0.02565 - high=0.02572 - low=0.02532
2022-06-13 16:45:10 | INFO  | src/main.rs:201 — 2022-06-13 13:40:00 - 0.02557 - -0.23410 - 1.80505 close by WMA signal
2022-06-13 16:50:10 | INFO  | src/main.rs:124 — 2022-06-13 13:45:00 - open=0.02552 - sar=0.02494 - pos=buy - 2022-06-13 13:50:10.958063 UTC - LastStep - p_wma=0.02585 - high=0.02564 - low=0.02515
2022-06-13 16:55:10 | INFO  | src/main.rs:124 — 2022-06-13 13:50:00 - open=0.02552 - sar=0.02496 - pos=buy - 2022-06-13 13:55:10.973601 UTC - LastStep - p_wma=0.02597 - high=0.0257 - low=0.02551
2022-06-13 17:00:10 | INFO  | src/main.rs:124 — 2022-06-13 13:55:00 - open=0.02545 - sar=0.02498 - pos=buy - 2022-06-13 14:00:10.921784 UTC - LastStep - p_wma=0.02599 - high=0.0257 - low=0.02541
2022-06-13 17:05:11 | INFO  | src/main.rs:124 — 2022-06-13 14:00:00 - open=0.02549 - sar=0.02500 - pos=buy - 2022-06-13 14:05:11.292461 UTC - LastStep - p_wma=0.02598 - high=0.02561 - low=0.02539
2022-06-13 17:10:10 | INFO  | src/main.rs:124 — 2022-06-13 14:05:00 - open=0.02539 - sar=0.02502 - pos=buy - 2022-06-13 14:10:10.807228 UTC - LastStep - p_wma=0.02590 - high=0.02564 - low=0.02531
2022-06-13 17:15:10 | INFO  | src/main.rs:124 — 2022-06-13 14:10:00 - open=0.02525 - sar=0.02504 - pos=buy - 2022-06-13 14:15:10.940284 UTC - LastStep - p_wma=0.02574 - high=0.02555 - low=0.02521
2022-06-13 17:20:11 | INFO  | src/main.rs:124 — 2022-06-13 14:15:00 - open=0.0251 - sar=0.02591 - pos=buy - 2022-06-13 14:20:11.163312 UTC - LastStep - p_wma=0.02551 - high=0.02533 - low=0.02507
2022-06-13 17:20:11 | INFO  | src/main.rs:213 — sell
2022-06-13 17:20:11 | INFO  | src/main.rs:215 — 2022-06-13 14:15:00 - 0.02508 - 3987.240829346092
2022-06-13 17:25:11 | INFO  | src/main.rs:124 — 2022-06-13 14:20:00 - open=0.02507 - sar=0.02589 - pos=sell - 2022-06-13 14:25:11.015521 UTC - LastStep - p_wma=0.02446 - high=0.02521 - low=0.02496
2022-06-13 17:30:10 | INFO  | src/main.rs:124 — 2022-06-13 14:25:00 - open=0.02499 - sar=0.02587 - pos=sell - 2022-06-13 14:30:10.910879 UTC - LastStep - p_wma=0.02429 - high=0.02516 - low=0.02497
2022-06-13 17:35:11 | INFO  | src/main.rs:124 — 2022-06-13 14:30:00 - open=0.02532 - sar=0.02585 - pos=sell - 2022-06-13 14:35:11.312419 UTC - LastStep - p_wma=0.02442 - high=0.02535 - low=0.02496
2022-06-13 17:40:11 | INFO  | src/main.rs:124 — 2022-06-13 14:35:00 - open=0.02519 - sar=0.02583 - pos=sell - 2022-06-13 14:40:11.017556 UTC - LastStep - p_wma=0.02448 - high=0.02539 - low=0.02514
2022-06-13 17:45:10 | INFO  | src/main.rs:124 — 2022-06-13 14:40:00 - open=0.0251 - sar=0.02581 - pos=sell - 2022-06-13 14:45:10.878160 UTC - LastStep - p_wma=0.02448 - high=0.02525 - low=0.02511
2022-06-13 17:50:11 | INFO  | src/main.rs:124 — 2022-06-13 14:45:00 - open=0.02483 - sar=0.02577 - pos=sell - 2022-06-13 14:50:11.028746 UTC - LastStep - p_wma=0.02430 - high=0.02513 - low=0.0248
2022-06-13 17:55:11 | INFO  | src/main.rs:124 — 2022-06-13 14:50:00 - open=0.02462 - sar=0.02570 - pos=sell - 2022-06-13 14:55:11.267830 UTC - LastStep - p_wma=0.02403 - high=0.02498 - low=0.02461
2022-06-13 18:00:11 | INFO  | src/main.rs:124 — 2022-06-13 14:55:00 - open=0.02505 - sar=0.02559 - pos=sell - 2022-06-13 15:00:11.395925 UTC - LastStep - p_wma=0.02415 - high=0.02513 - low=0.02444
2022-06-13 18:05:11 | INFO  | src/main.rs:124 — 2022-06-13 15:00:00 - open=0.02515 - sar=0.02444 - pos=sell - 2022-06-13 15:05:11.042427 UTC - LastStep - p_wma=0.02439 - high=0.02535 - low=0.02499
2022-06-13 18:05:11 | INFO  | src/main.rs:143 — buy
2022-06-13 18:05:11 | INFO  | src/main.rs:145 — 2022-06-13 15:00:00 - 0.02532 - -0.95694 - 0.84811 - 3949.447077409163
2022-06-13 18:10:11 | INFO  | src/main.rs:124 — 2022-06-13 15:05:00 - open=0.02538 - sar=0.02447 - pos=buy - 2022-06-13 15:10:11.285473 UTC - LastStep - p_wma=0.02582 - high=0.02574 - low=0.02513
2022-06-13 18:15:10 | INFO  | src/main.rs:124 — 2022-06-13 15:10:00 - open=0.02551 - sar=0.02449 - pos=buy - 2022-06-13 15:15:10.981702 UTC - LastStep - p_wma=0.02612 - high=0.02558 - low=0.02524
2022-06-13 18:20:10 | INFO  | src/main.rs:124 — 2022-06-13 15:15:00 - open=0.02577 - sar=0.02455 - pos=buy - 2022-06-13 15:20:10.925095 UTC - LastStep - p_wma=0.02650 - high=0.02582 - low=0.02543
2022-06-13 18:25:10 | INFO  | src/main.rs:124 — 2022-06-13 15:20:00 - open=0.02625 - sar=0.02466 - pos=buy - 2022-06-13 15:25:10.619827 UTC - LastStep - p_wma=0.02704 - high=0.02628 - low=0.02572
2022-06-13 18:30:11 | INFO  | src/main.rs:124 — 2022-06-13 15:25:00 - open=0.02643 - sar=0.02481 - pos=buy - 2022-06-13 15:30:11.815194 UTC - LastStep - p_wma=0.02747 - high=0.0265 - low=0.02611
2022-06-13 18:35:10 | INFO  | src/main.rs:124 — 2022-06-13 15:30:00 - open=0.02592 - sar=0.02496 - pos=buy - 2022-06-13 15:35:10.982112 UTC - LastStep - p_wma=0.02736 - high=0.02644 - low=0.02584
2022-06-13 18:40:12 | INFO  | src/main.rs:124 — 2022-06-13 15:35:00 - open=0.02608 - sar=0.02508 - pos=buy - 2022-06-13 15:40:12.377166 UTC - LastStep - p_wma=0.02730 - high=0.02613 - low=0.02587
2022-06-13 18:45:11 | INFO  | src/main.rs:124 — 2022-06-13 15:40:00 - open=0.02648 - sar=0.02524 - pos=buy - 2022-06-13 15:45:11.471303 UTC - LastStep - p_wma=0.02742 - high=0.02659 - low=0.02608
2022-06-13 18:50:11 | INFO  | src/main.rs:124 — 2022-06-13 15:45:00 - open=0.02674 - sar=0.02545 - pos=buy - 2022-06-13 15:50:11.591719 UTC - LastStep - p_wma=0.02760 - high=0.02688 - low=0.02639
2022-06-13 18:55:10 | INFO  | src/main.rs:124 — 2022-06-13 15:50:00 - open=0.02648 - sar=0.02563 - pos=buy - 2022-06-13 15:55:10.739546 UTC - LastStep - p_wma=0.02748 - high=0.02678 - low=0.02627
2022-06-13 19:00:10 | INFO  | src/main.rs:124 — 2022-06-13 15:55:00 - open=0.02657 - sar=0.02579 - pos=buy - 2022-06-13 16:00:10.711171 UTC - LastStep - p_wma=0.02743 - high=0.02664 - low=0.02635
2022-06-13 19:05:11 | INFO  | src/main.rs:124 — 2022-06-13 16:00:00 - open=0.02656 - sar=0.02592 - pos=buy - 2022-06-13 16:05:11.502 UTC - LastStep - p_wma=0.02735 - high=0.02664 - low=0.02646
2022-06-13 19:10:10 | INFO  | src/main.rs:124 — 2022-06-13 16:05:00 - open=0.02668 - sar=0.02605 - pos=buy - 2022-06-13 16:10:10.935318 UTC - LastStep - p_wma=0.02728 - high=0.02671 - low=0.02614
2022-06-13 19:15:11 | INFO  | src/main.rs:124 — 2022-06-13 16:10:00 - open=0.02678 - sar=0.02614 - pos=buy - 2022-06-13 16:15:11.693470 UTC - LastStep - p_wma=0.02727 - high=0.02713 - low=0.02663
2022-06-13 19:20:11 | INFO  | src/main.rs:124 — 2022-06-13 16:15:00 - open=0.02711 - sar=0.02635 - pos=buy - 2022-06-13 16:20:11.130519 UTC - LastStep - p_wma=0.02753 - high=0.0274 - low=0.02674
2022-06-13 19:25:11 | INFO  | src/main.rs:124 — 2022-06-13 16:20:00 - open=0.02732 - sar=0.02656 - pos=buy - 2022-06-13 16:25:11.088879 UTC - LastStep - p_wma=0.02770 - high=0.02743 - low=0.02687
2022-06-13 19:30:11 | INFO  | src/main.rs:124 — 2022-06-13 16:25:00 - open=0.02741 - sar=0.02674 - pos=buy - 2022-06-13 16:30:11.427845 UTC - LastStep - p_wma=0.02784 - high=0.02753 - low=0.02723
2022-06-13 19:35:10 | INFO  | src/main.rs:124 — 2022-06-13 16:30:00 - open=0.02756 - sar=0.02691 - pos=buy - 2022-06-13 16:35:10.898811 UTC - LastStep - p_wma=0.02797 - high=0.02762 - low=0.02732
2022-06-13 19:40:10 | INFO  | src/main.rs:124 — 2022-06-13 16:35:00 - open=0.02786 - sar=0.02712 - pos=buy - 2022-06-13 16:40:10.678533 UTC - LastStep - p_wma=0.02821 - high=0.02799 - low=0.02748
2022-06-13 19:45:10 | INFO  | src/main.rs:124 — 2022-06-13 16:40:00 - open=0.02772 - sar=0.02729 - pos=buy - 2022-06-13 16:45:10.961633 UTC - LastStep - p_wma=0.02818 - high=0.02799 - low=0.02766
2022-06-13 19:50:11 | INFO  | src/main.rs:124 — 2022-06-13 16:45:00 - open=0.02723 - sar=0.02799 - pos=buy - 2022-06-13 16:50:11.330456 UTC - LastStep - p_wma=0.02709 - high=0.02777 - low=0.02719
2022-06-13 19:50:11 | INFO  | src/main.rs:186 — sell
2022-06-13 19:50:11 | INFO  | src/main.rs:188 — 2022-06-13 16:45:00 - 0.02753 - 8.72828 - 9.57639 - 3632.401017072285
2022-06-13 19:55:10 | INFO  | src/main.rs:124 — 2022-06-13 16:50:00 - open=0.02754 - sar=0.02797 - pos=sell - 2022-06-13 16:55:10.794339 UTC - LastStep - p_wma=0.02708 - high=0.0277 - low=0.02723
2022-06-13 20:00:10 | INFO  | src/main.rs:124 — 2022-06-13 16:55:00 - open=0.02736 - sar=0.02796 - pos=sell - 2022-06-13 17:00:10.845326 UTC - LastStep - p_wma=0.02696 - high=0.02758 - low=0.0273
2022-06-13 20:05:10 | INFO  | src/main.rs:124 — 2022-06-13 17:00:00 - open=0.02748 - sar=0.02794 - pos=sell - 2022-06-13 17:05:10.934226 UTC - LastStep - p_wma=0.02694 - high=0.02748 - low=0.02733
2022-06-13 20:10:11 | INFO  | src/main.rs:124 — 2022-06-13 17:05:00 - open=0.02721 - sar=0.02792 - pos=sell - 2022-06-13 17:10:11.571680 UTC - LastStep - p_wma=0.02679 - high=0.02752 - low=0.0272
2022-06-13 20:15:11 | INFO  | src/main.rs:124 — 2022-06-13 17:10:00 - open=0.02723 - sar=0.02789 - pos=sell - 2022-06-13 17:15:11.320851 UTC - LastStep - p_wma=0.02671 - high=0.02733 - low=0.02716
2022-06-13 20:20:11 | INFO  | src/main.rs:124 — 2022-06-13 17:15:00 - open=0.02696 - sar=0.02783 - pos=sell - 2022-06-13 17:20:11.100940 UTC - LastStep - p_wma=0.02647 - high=0.02726 - low=0.02692
2022-06-13 20:25:10 | INFO  | src/main.rs:124 — 2022-06-13 17:20:00 - open=0.02694 - sar=0.02774 - pos=sell - 2022-06-13 17:25:10.892757 UTC - LastStep - p_wma=0.02633 - high=0.02697 - low=0.02675
2022-06-13 20:30:12 | INFO  | src/main.rs:124 — 2022-06-13 17:25:00 - open=0.02681 - sar=0.02766 - pos=sell - 2022-06-13 17:30:12.092671 UTC - LastStep - p_wma=0.02618 - high=0.02697 - low=0.0268
2022-06-13 20:35:11 | INFO  | src/main.rs:124 — 2022-06-13 17:30:00 - open=0.02678 - sar=0.02755 - pos=sell - 2022-06-13 17:35:11.129886 UTC - LastStep - p_wma=0.02610 - high=0.02686 - low=0.02666
2022-06-13 20:40:11 | INFO  | src/main.rs:124 — 2022-06-13 17:35:00 - open=0.02675 - sar=0.02746 - pos=sell - 2022-06-13 17:40:11.439598 UTC - LastStep - p_wma=0.02608 - high=0.02688 - low=0.02675
2022-06-13 20:45:11 | INFO  | src/main.rs:124 — 2022-06-13 17:40:00 - open=0.02664 - sar=0.02734 - pos=sell - 2022-06-13 17:45:11.016062 UTC - LastStep - p_wma=0.02604 - high=0.02681 - low=0.02652
2022-06-13 20:50:11 | INFO  | src/main.rs:124 — 2022-06-13 17:45:00 - open=0.02695 - sar=0.02724 - pos=sell - 2022-06-13 17:50:11.372929 UTC - LastStep - p_wma=0.02627 - high=0.02697 - low=0.0266
2022-06-13 20:55:10 | INFO  | src/main.rs:124 — 2022-06-13 17:50:00 - open=0.02703 - sar=0.02715 - pos=sell - 2022-06-13 17:55:10.802864 UTC - LastStep - p_wma=0.02654 - high=0.02714 - low=0.02687
2022-06-13 21:00:11 | INFO  | src/main.rs:124 — 2022-06-13 17:55:00 - open=0.02701 - sar=0.02652 - pos=sell - 2022-06-13 18:00:11.368870 UTC - LastStep - p_wma=0.02673 - high=0.02705 - low=0.02688
2022-06-13 21:00:11 | INFO  | src/main.rs:143 — buy
2022-06-13 21:00:11 | INFO  | src/main.rs:145 — 2022-06-13 17:55:00 - 0.02712 - 1.48928 - 11.06567 - 3687.3156342182892
2022-06-13 21:05:11 | INFO  | src/main.rs:124 — 2022-06-13 18:00:00 - open=0.02712 - sar=0.02653 - pos=buy - 2022-06-13 18:05:11.368372 UTC - LastStep - p_wma=0.02751 - high=0.02719 - low=0.02696
2022-06-13 21:10:11 | INFO  | src/main.rs:124 — 2022-06-13 18:05:00 - open=0.02708 - sar=0.02655 - pos=buy - 2022-06-13 18:10:11.675360 UTC - LastStep - p_wma=0.02757 - high=0.02713 - low=0.027
2022-06-13 21:15:11 | INFO  | src/main.rs:124 — 2022-06-13 18:10:00 - open=0.02713 - sar=0.02656 - pos=buy - 2022-06-13 18:15:11.190261 UTC - LastStep - p_wma=0.02761 - high=0.02714 - low=0.02698
2022-06-13 21:20:11 | INFO  | src/main.rs:124 — 2022-06-13 18:15:00 - open=0.02731 - sar=0.02659 - pos=buy - 2022-06-13 18:20:11.133144 UTC - LastStep - p_wma=0.02776 - high=0.02734 - low=0.02707
2022-06-13 21:25:11 | INFO  | src/main.rs:124 — 2022-06-13 18:20:00 - open=0.02725 - sar=0.02664 - pos=buy - 2022-06-13 18:25:11.086548 UTC - LastStep - p_wma=0.02782 - high=0.02738 - low=0.02712
2022-06-13 21:30:11 | INFO  | src/main.rs:124 — 2022-06-13 18:25:00 - open=0.02756 - sar=0.02673 - pos=buy - 2022-06-13 18:30:11.162083 UTC - LastStep - p_wma=0.02804 - high=0.02763 - low=0.02725
2022-06-13 21:35:10 | INFO  | src/main.rs:124 — 2022-06-13 18:30:00 - open=0.02755 - sar=0.02683 - pos=buy - 2022-06-13 18:35:10.999554 UTC - LastStep - p_wma=0.02817 - high=0.02768 - low=0.02745
2022-06-13 21:40:11 | INFO  | src/main.rs:124 — 2022-06-13 18:35:00 - open=0.02735 - sar=0.02692 - pos=buy - 2022-06-13 18:40:11.913462 UTC - LastStep - p_wma=0.02806 - high=0.02761 - low=0.02727
2022-06-13 21:45:11 | INFO  | src/main.rs:124 — 2022-06-13 18:40:00 - open=0.02737 - sar=0.02700 - pos=buy - 2022-06-13 18:45:11.013161 UTC - LastStep - p_wma=0.02795 - high=0.02747 - low=0.0273
2022-06-13 21:50:11 | INFO  | src/main.rs:124 — 2022-06-13 18:45:00 - open=0.02738 - sar=0.02707 - pos=buy - 2022-06-13 18:50:11.112197 UTC - LastStep - p_wma=0.02783 - high=0.02747 - low=0.02731
2022-06-13 21:55:10 | INFO  | src/main.rs:124 — 2022-06-13 18:50:00 - open=0.02725 - sar=0.02768 - pos=buy - 2022-06-13 18:55:10.707532 UTC - LastStep - p_wma=0.02763 - high=0.02744 - low=0.02719
2022-06-13 21:55:10 | INFO  | src/main.rs:186 — sell
2022-06-13 21:55:10 | INFO  | src/main.rs:188 — 2022-06-13 18:50:00 - 0.02709 - -0.11062 - 10.95505 - 3691.3990402362497
2022-06-13 22:00:10 | INFO  | src/main.rs:124 — 2022-06-13 18:55:00 - open=0.02711 - sar=0.02767 - pos=sell - 2022-06-13 19:00:10.949877 UTC - LastStep - p_wma=0.02683 - high=0.02727 - low=0.02706
2022-06-13 22:05:10 | INFO  | src/main.rs:124 — 2022-06-13 19:00:00 - open=0.02704 - sar=0.02764 - pos=sell - 2022-06-13 19:05:10.917925 UTC - LastStep - p_wma=0.02668 - high=0.02715 - low=0.02704
2022-06-13 22:10:11 | INFO  | src/main.rs:124 — 2022-06-13 19:05:00 - open=0.0271 - sar=0.02760 - pos=sell - 2022-06-13 19:10:11.121984 UTC - LastStep - p_wma=0.02661 - high=0.02714 - low=0.02693
2022-06-13 22:15:11 | INFO  | src/main.rs:124 — 2022-06-13 19:10:00 - open=0.02701 - sar=0.02754 - pos=sell - 2022-06-13 19:15:11.205196 UTC - LastStep - p_wma=0.02655 - high=0.02716 - low=0.02692
2022-06-13 22:20:11 | INFO  | src/main.rs:124 — 2022-06-13 19:15:00 - open=0.02701 - sar=0.02749 - pos=sell - 2022-06-13 19:20:11.744696 UTC - LastStep - p_wma=0.02653 - high=0.02705 - low=0.02693
2022-06-13 22:25:11 | INFO  | src/main.rs:124 — 2022-06-13 19:20:00 - open=0.02714 - sar=0.02744 - pos=sell - 2022-06-13 19:25:11.640519 UTC - LastStep - p_wma=0.02665 - high=0.02728 - low=0.02694
2022-06-13 22:30:11 | INFO  | src/main.rs:124 — 2022-06-13 19:25:00 - open=0.02709 - sar=0.02740 - pos=sell - 2022-06-13 19:30:11.378782 UTC - LastStep - p_wma=0.02673 - high=0.02724 - low=0.02706
2022-06-13 22:35:10 | INFO  | src/main.rs:124 — 2022-06-13 19:30:00 - open=0.02708 - sar=0.02736 - pos=sell - 2022-06-13 19:35:10.984649 UTC - LastStep - p_wma=0.02679 - high=0.02718 - low=0.02707
2022-06-13 22:40:11 | INFO  | src/main.rs:124 — 2022-06-13 19:35:00 - open=0.02703 - sar=0.02691 - pos=sell - 2022-06-13 19:40:11.214292 UTC - LastStep - p_wma=0.02681 - high=0.02715 - low=0.02691
2022-06-13 22:40:11 | INFO  | src/main.rs:143 — buy
2022-06-13 22:40:11 | INFO  | src/main.rs:145 — 2022-06-13 19:35:00 - 0.0273 - -0.77519 - 10.17986 - 3663.003663003663
2022-06-13 22:45:11 | INFO  | src/main.rs:124 — 2022-06-13 19:40:00 - open=0.02733 - sar=0.02691 - pos=buy - 2022-06-13 19:45:11.154686 UTC - LastStep - p_wma=0.02742 - high=0.02733 - low=0.02698
2022-06-13 22:50:11 | INFO  | src/main.rs:124 — 2022-06-13 19:45:00 - open=0.02736 - sar=0.02693 - pos=buy - 2022-06-13 19:50:11.093634 UTC - LastStep - p_wma=0.02756 - high=0.02745 - low=0.02733
2022-06-13 22:55:11 | INFO  | src/main.rs:124 — 2022-06-13 19:50:00 - open=0.02745 - sar=0.02697 - pos=buy - 2022-06-13 19:55:11.329202 UTC - LastStep - p_wma=0.02771 - high=0.02749 - low=0.02734
2022-06-13 23:00:11 | INFO  | src/main.rs:124 — 2022-06-13 19:55:00 - open=0.02723 - sar=0.02700 - pos=buy - 2022-06-13 20:00:11.244503 UTC - LastStep - p_wma=0.02766 - high=0.02745 - low=0.0272
2022-06-13 23:05:11 | INFO  | src/main.rs:124 — 2022-06-13 20:00:00 - open=0.02722 - sar=0.02703 - pos=buy - 2022-06-13 20:05:11.103166 UTC - LastStep - p_wma=0.02760 - high=0.02733 - low=0.02717
2022-06-13 23:10:11 | INFO  | src/main.rs:124 — 2022-06-13 20:05:00 - open=0.02765 - sar=0.02708 - pos=buy - 2022-06-13 20:10:11.089429 UTC - LastStep - p_wma=0.02779 - high=0.02766 - low=0.02708
