2022-07-05 20:55:50 | INFO  | src/main.rs:50 — 0.01819
2022-07-05 20:55:50 | INFO  | src/best_params.rs:40 — Reload_params
2022-07-05 20:55:50 | INFO  | src/best_params.rs:42 — start_count_best_params
2022-07-05 20:55:58 | INFO  | src/best_params.rs:61 — duration time 8.275676584s
2022-07-05 20:55:58 | INFO  | src/best_params.rs:62 — best_profit=Mutex { data: 32.06890501336201, poisoned: false, .. }
2022-07-05 20:55:58 | INFO  | src/best_params.rs:63 — best_params=Mutex { data: BestParams { profit: 32.06890501336201, profit_trade: 37, loss_trade: 23, accel: 0.02, max: 0.036, period: 13, pnl: "wma" }, poisoned: false, .. }
2022-07-05 21:08:25 | INFO  | src/main.rs:50 — 0.01821
2022-07-05 21:08:25 | INFO  | src/best_params.rs:40 — Reload_params
2022-07-05 21:08:25 | INFO  | src/best_params.rs:42 — start_count_best_params
2022-07-05 21:08:33 | INFO  | src/best_params.rs:61 — duration time 8.036121108s
2022-07-05 21:08:33 | INFO  | src/best_params.rs:62 — best_profit=Mutex { data: 28.927968427540364, poisoned: false, .. }
2022-07-05 21:08:33 | INFO  | src/best_params.rs:63 — best_params=Mutex { data: BestParams { profit: 28.927968427540364, profit_trade: 36, loss_trade: 23, accel: 0.02, max: 0.036, period: 13, pnl: "wma" }, poisoned: false, .. }
2022-07-05 21:09:31 | INFO  | src/main.rs:50 — 0.01818
2022-07-05 21:09:31 | INFO  | src/best_params.rs:40 — Reload_params
2022-07-05 21:09:31 | INFO  | src/best_params.rs:42 — start_count_best_params
2022-07-05 21:09:39 | INFO  | src/best_params.rs:61 — duration time 8.463228651s
2022-07-05 21:09:39 | INFO  | src/best_params.rs:62 — best_profit=Mutex { data: 28.927968427540364, poisoned: false, .. }
2022-07-05 21:09:39 | INFO  | src/best_params.rs:63 — best_params=Mutex { data: BestParams { profit: 28.927968427540364, profit_trade: 36, loss_trade: 23, accel: 0.02, max: 0.036, period: 13, pnl: "wma" }, poisoned: false, .. }
2022-07-05 21:14:32 | INFO  | src/main.rs:50 — 0.0181
2022-07-05 21:14:32 | INFO  | src/best_params.rs:40 — Reload_params
2022-07-05 21:14:32 | INFO  | src/best_params.rs:42 — start_count_best_params
2022-07-05 21:14:40 | INFO  | src/best_params.rs:61 — duration time 7.885319194s
2022-07-05 21:14:40 | INFO  | src/best_params.rs:62 — best_profit=Mutex { data: 28.927968427540364, poisoned: false, .. }
2022-07-05 21:14:40 | INFO  | src/best_params.rs:63 — best_params=Mutex { data: BestParams { profit: 28.927968427540364, profit_trade: 36, loss_trade: 23, accel: 0.02, max: 0.036, period: 13, pnl: "wma" }, poisoned: false, .. }
2022-07-05 23:00:10 | INFO  | src/main.rs:210 — buy
2022-07-05 23:00:10 | INFO  | src/main.rs:212 — 2022-07-05 23:00:00 - price=0.01804 - size=5543.2372505543235 - summ=100
2022-07-05 23:30:12 | INFO  | src/main.rs:228 — sell
2022-07-05 23:30:12 | INFO  | src/main.rs:230 — 2022-07-05 23:30:00 - price=0.01775 - pos_profit=-1.60754 - profit=-1.60754 - size=5543.2372505543235 - summ=98.39246119733923
2022-07-06 00:35:10 | INFO  | src/main.rs:180 — buy
2022-07-06 00:35:10 | INFO  | src/main.rs:182 — 2022-07-06 00:35:00 - price=0.01801 - pos_profit=-1.44124 - profit=-3.04878 - size=5383.188201676572 - summ=96.95121951219508
2022-07-06 00:45:10 | INFO  | src/main.rs:245 — 2022-07-06 00:45:00 - price=0.01833 - pos_profit=1.72262 - profit=-1.32616 - summ=98.67383973673157 close by WMA signal
2022-07-06 01:02:00 | INFO  | src/best_params.rs:40 — Reload_params
2022-07-06 01:02:00 | INFO  | src/best_params.rs:42 — start_count_best_params
2022-07-06 01:02:08 | INFO  | src/best_params.rs:61 — duration time 7.7404037s
2022-07-06 01:02:08 | INFO  | src/best_params.rs:62 — best_profit=Mutex { data: 29.347692894795244, poisoned: false, .. }
2022-07-06 01:02:08 | INFO  | src/best_params.rs:63 — best_params=Mutex { data: BestParams { profit: 29.347692894795244, profit_trade: 29, loss_trade: 18, accel: 0.007, max: 0.049, period: 12, pnl: "wma" }, poisoned: false, .. }
2022-07-06 01:40:12 | INFO  | src/main.rs:258 — sell
2022-07-06 01:40:12 | INFO  | src/main.rs:260 — 2022-07-06 01:40:00 - price=0.01786 - size=5524.851049089113 - summ=98.67383973673157
2022-07-06 04:10:11 | INFO  | src/main.rs:180 — buy
2022-07-06 04:10:11 | INFO  | src/main.rs:182 — 2022-07-06 04:10:00 - price=0.01812 - pos_profit=-1.43646 - profit=-2.76262 - size=5366.301239733355 - summ=97.2373784639684
2022-07-06 05:02:00 | INFO  | src/best_params.rs:40 — Reload_params
2022-07-06 05:02:00 | INFO  | src/best_params.rs:42 — start_count_best_params
2022-07-06 05:02:08 | INFO  | src/best_params.rs:61 — duration time 7.900329821s
2022-07-06 05:02:08 | INFO  | src/best_params.rs:62 — best_profit=Mutex { data: 26.208680172342156, poisoned: false, .. }
2022-07-06 05:02:08 | INFO  | src/best_params.rs:63 — best_params=Mutex { data: BestParams { profit: 26.208680172342156, profit_trade: 25, loss_trade: 17, accel: 0.026, max: 0.027, period: 15, pnl: "wma" }, poisoned: false, .. }
2022-07-06 05:35:12 | INFO  | src/main.rs:228 — sell
2022-07-06 05:35:12 | INFO  | src/main.rs:230 — 2022-07-06 05:35:00 - price=0.01793 - pos_profit=-1.01960 - profit=-3.78222 - size=5366.301239733355 - summ=96.21778122841907
2022-07-06 06:20:10 | INFO  | src/main.rs:180 — buy
2022-07-06 06:20:10 | INFO  | src/main.rs:182 — 2022-07-06 06:20:00 - price=0.01811 - pos_profit=-0.96593 - profit=-4.74815 - size=5259.627112383604 - summ=95.25184700526708
2022-07-06 07:05:11 | INFO  | src/main.rs:245 — 2022-07-06 07:05:00 - price=0.01817 - pos_profit=0.31558 - profit=-4.43258 - summ=95.56742463201007 close by WMA signal
2022-07-06 08:05:11 | INFO  | src/main.rs:258 — sell
2022-07-06 08:05:11 | INFO  | src/main.rs:260 — 2022-07-06 08:05:00 - price=0.01805 - size=5294.594162438231 - summ=95.56742463201007
2022-07-06 08:40:12 | INFO  | src/main.rs:197 — 2022-07-06 08:40:00 - price=0.01814 - pos_profit=-0.47651 - profit=-4.90909 - summ=95.09091115739064 close by WMA signal
2022-07-06 09:02:00 | INFO  | src/best_params.rs:40 — Reload_params
2022-07-06 09:02:00 | INFO  | src/best_params.rs:42 — start_count_best_params
2022-07-06 09:02:07 | INFO  | src/best_params.rs:61 — duration time 7.902067007s
2022-07-06 09:02:07 | INFO  | src/best_params.rs:62 — best_profit=Mutex { data: 22.095435446397858, poisoned: false, .. }
2022-07-06 09:02:07 | INFO  | src/best_params.rs:63 — best_params=Mutex { data: BestParams { profit: 22.095435446397858, profit_trade: 26, loss_trade: 18, accel: 0.026, max: 0.027, period: 15, pnl: "wma" }, poisoned: false, .. }
2022-07-06 09:25:11 | INFO  | src/main.rs:210 — buy
2022-07-06 09:25:11 | INFO  | src/main.rs:212 — 2022-07-06 09:25:00 - price=0.01817 - size=5233.401824842633 - summ=95.09091115739064
2022-07-06 10:05:11 | INFO  | src/main.rs:228 — sell
2022-07-06 10:05:11 | INFO  | src/main.rs:230 — 2022-07-06 10:05:00 - price=0.01805 - pos_profit=-0.62801 - profit=-5.53710 - size=5233.401824842633 - summ=94.46290293840953
2022-07-06 12:25:10 | INFO  | src/main.rs:180 — buy
2022-07-06 12:25:10 | INFO  | src/main.rs:182 — 2022-07-06 12:25:00 - price=0.01803 - pos_profit=0.10467 - profit=-5.43243 - size=5245.012255957093 - summ=94.56757097490639
2022-07-06 13:02:00 | INFO  | src/best_params.rs:40 — Reload_params
2022-07-06 13:02:00 | INFO  | src/best_params.rs:42 — start_count_best_params
2022-07-06 13:02:07 | INFO  | src/best_params.rs:61 — duration time 7.89469691s
2022-07-06 13:02:07 | INFO  | src/best_params.rs:62 — best_profit=Mutex { data: 17.561497173146776, poisoned: false, .. }
2022-07-06 13:02:07 | INFO  | src/best_params.rs:63 — best_params=Mutex { data: BestParams { profit: 17.561497173146776, profit_trade: 25, loss_trade: 19, accel: 0.026, max: 0.027, period: 15, pnl: "wma" }, poisoned: false, .. }
2022-07-06 13:50:11 | INFO  | src/main.rs:228 — sell
2022-07-06 13:50:11 | INFO  | src/main.rs:230 — 2022-07-06 13:50:00 - price=0.01794 - pos_profit=-0.47205 - profit=-5.90448 - size=5245.012255957093 - summ=94.09551987187025
2022-07-06 15:25:11 | INFO  | src/main.rs:180 — buy
2022-07-06 15:25:11 | INFO  | src/main.rs:182 — 2022-07-06 15:25:00 - price=0.01795 - pos_profit=-0.05245 - profit=-5.95693 - size=5239.1682311593695 - summ=94.04306974931069
2022-07-06 16:10:11 | INFO  | src/main.rs:228 — sell
2022-07-06 16:10:11 | INFO  | src/main.rs:230 — 2022-07-06 16:10:00 - price=0.01793 - pos_profit=-0.10478 - profit=-6.06171 - size=5239.1682311593695 - summ=93.9382863846875
2022-07-06 16:20:11 | INFO  | src/main.rs:180 — buy
2022-07-06 16:20:11 | INFO  | src/main.rs:182 — 2022-07-06 16:20:00 - price=0.01807 - pos_profit=-0.73348 - profit=-6.79520 - size=5157.98576825264 - summ=93.2048028323252
2022-07-06 16:30:11 | INFO  | src/main.rs:245 — 2022-07-06 16:30:00 - price=0.01806 - pos_profit=-0.05158 - profit=-6.84678 - summ=93.15322297464267 close by WMA signal
2022-07-06 17:02:00 | INFO  | src/best_params.rs:40 — Reload_params
2022-07-06 17:02:00 | INFO  | src/best_params.rs:42 — start_count_best_params
2022-07-06 17:02:08 | INFO  | src/best_params.rs:61 — duration time 8.104573821s
2022-07-06 17:02:08 | INFO  | src/best_params.rs:62 — best_profit=Mutex { data: 16.344830249945588, poisoned: false, .. }
2022-07-06 17:02:08 | INFO  | src/best_params.rs:63 — best_params=Mutex { data: BestParams { profit: 16.344830249945588, profit_trade: 7, loss_trade: 4, accel: 0.001, max: 0.023, period: 11, pnl: "wma" }, poisoned: false, .. }
2022-07-06 21:02:00 | INFO  | src/best_params.rs:40 — Reload_params
2022-07-06 21:02:00 | INFO  | src/best_params.rs:42 — start_count_best_params
2022-07-06 21:02:08 | INFO  | src/best_params.rs:61 — duration time 8.444657901s
2022-07-06 21:02:08 | INFO  | src/best_params.rs:62 — best_profit=Mutex { data: 17.60735423725285, poisoned: false, .. }
2022-07-06 21:02:08 | INFO  | src/best_params.rs:63 — best_params=Mutex { data: BestParams { profit: 17.60735423725285, profit_trade: 8, loss_trade: 3, accel: 0.001, max: 0.008, period: 17, pnl: "wma" }, poisoned: false, .. }
2022-07-07 01:02:00 | INFO  | src/best_params.rs:40 — Reload_params
2022-07-07 01:02:00 | INFO  | src/best_params.rs:42 — start_count_best_params
2022-07-07 01:02:08 | INFO  | src/best_params.rs:61 — duration time 7.998348088s
2022-07-07 01:02:08 | INFO  | src/best_params.rs:62 — best_profit=Mutex { data: 18.931696002258064, poisoned: false, .. }
2022-07-07 01:02:08 | INFO  | src/best_params.rs:63 — best_params=Mutex { data: BestParams { profit: 18.931696002258064, profit_trade: 7, loss_trade: 2, accel: 0.001, max: 0.008, period: 19, pnl: "wma" }, poisoned: false, .. }
2022-07-07 02:40:11 | INFO  | src/main.rs:258 — sell
2022-07-07 02:40:11 | INFO  | src/main.rs:260 — 2022-07-07 02:40:00 - price=0.01797 - size=5183.818752066927 - summ=93.15322297464267
2022-07-07 05:02:00 | INFO  | src/best_params.rs:40 — Reload_params
2022-07-07 05:02:00 | INFO  | src/best_params.rs:42 — start_count_best_params
2022-07-07 05:02:08 | INFO  | src/best_params.rs:61 — duration time 7.819429542s
2022-07-07 05:02:08 | INFO  | src/best_params.rs:62 — best_profit=Mutex { data: 15.883250030835043, poisoned: false, .. }
2022-07-07 05:02:08 | INFO  | src/best_params.rs:63 — best_params=Mutex { data: BestParams { profit: 15.883250030835043, profit_trade: 63, loss_trade: 45, accel: 0.034, max: 0.066, period: 13, pnl: "wma" }, poisoned: false, .. }
2022-07-07 05:05:11 | INFO  | src/main.rs:180 — buy
2022-07-07 05:05:11 | INFO  | src/main.rs:182 — 2022-07-07 05:05:00 - price=0.01811 - pos_profit=-0.72573 - profit=-7.57251 - size=5103.671361090739 - summ=92.4274883493533
2022-07-07 05:15:11 | INFO  | src/main.rs:245 — 2022-07-07 05:15:00 - price=0.01818 - pos_profit=0.35726 - profit=-7.21525 - summ=92.78474534462964 close by WMA signal
2022-07-07 05:50:10 | INFO  | src/main.rs:258 — sell
2022-07-07 05:50:10 | INFO  | src/main.rs:260 — 2022-07-07 05:50:00 - price=0.01808 - size=5131.899631893232 - summ=92.78474534462964
2022-07-07 06:00:11 | INFO  | src/main.rs:197 — 2022-07-07 06:00:00 - price=0.018 - pos_profit=0.41055 - profit=-6.80470 - summ=93.19529731518111 close by WMA signal
2022-07-07 06:50:11 | INFO  | src/main.rs:210 — buy
2022-07-07 06:50:11 | INFO  | src/main.rs:212 — 2022-07-07 06:50:00 - price=0.01821 - size=5117.8087487743605 - summ=93.19529731518111
2022-07-07 07:05:11 | INFO  | src/main.rs:245 — 2022-07-07 07:05:00 - price=0.01827 - pos_profit=0.30707 - profit=-6.49763 - summ=93.50236584010757 close by WMA signal
2022-07-07 09:02:00 | INFO  | src/best_params.rs:40 — Reload_params
2022-07-07 09:02:00 | INFO  | src/best_params.rs:42 — start_count_best_params
2022-07-07 09:02:08 | INFO  | src/best_params.rs:61 — duration time 7.977323943s
2022-07-07 09:02:08 | INFO  | src/best_params.rs:62 — best_profit=Mutex { data: 15.692083325355895, poisoned: false, .. }
2022-07-07 09:02:08 | INFO  | src/best_params.rs:63 — best_params=Mutex { data: BestParams { profit: 15.692083325355895, profit_trade: 65, loss_trade: 44, accel: 0.034, max: 0.066, period: 13, pnl: "wma" }, poisoned: false, .. }
2022-07-07 09:55:11 | INFO  | src/main.rs:258 — sell
2022-07-07 09:55:11 | INFO  | src/main.rs:260 — 2022-07-07 09:55:00 - price=0.01894 - size=4936.766939815606 - summ=93.50236584010757
2022-07-07 10:55:11 | INFO  | src/main.rs:197 — 2022-07-07 10:55:00 - price=0.01873 - pos_profit=1.03672 - profit=-5.46091 - summ=94.53908689746885 close by WMA signal
2022-07-07 11:15:11 | INFO  | src/main.rs:210 — buy
2022-07-07 11:15:11 | INFO  | src/main.rs:212 — 2022-07-07 11:15:00 - price=0.01891 - size=4999.422892515539 - summ=94.53908689746885
2022-07-07 11:55:11 | INFO  | src/main.rs:228 — sell
2022-07-07 11:55:11 | INFO  | src/main.rs:230 — 2022-07-07 11:55:00 - price=0.0188 - pos_profit=-0.54994 - profit=-6.01085 - size=4999.422892515539 - summ=93.98915037929214
2022-07-07 12:15:11 | INFO  | src/main.rs:180 — buy
2022-07-07 12:15:11 | INFO  | src/main.rs:182 — 2022-07-07 12:15:00 - price=0.01895 - pos_profit=-0.74991 - profit=-6.76076 - size=4920.276355958565 - summ=93.2392369454148
2022-07-07 12:25:11 | INFO  | src/main.rs:245 — 2022-07-07 12:25:00 - price=0.01885 - pos_profit=-0.49203 - profit=-7.25279 - summ=92.74720930981894 close by WMA signal
2022-07-07 12:35:11 | INFO  | src/main.rs:258 — sell
2022-07-07 12:35:11 | INFO  | src/main.rs:260 — 2022-07-07 12:35:00 - price=0.01879 - size=4935.987722715217 - summ=92.74720930981894
2022-07-07 13:02:00 | INFO  | src/best_params.rs:40 — Reload_params
2022-07-07 13:02:00 | INFO  | src/best_params.rs:42 — start_count_best_params
2022-07-07 13:02:08 | INFO  | src/best_params.rs:61 — duration time 7.997179682s
2022-07-07 13:02:08 | INFO  | src/best_params.rs:62 — best_profit=Mutex { data: 14.640229143724696, poisoned: false, .. }
2022-07-07 13:02:08 | INFO  | src/best_params.rs:63 — best_params=Mutex { data: BestParams { profit: 14.640229143724696, profit_trade: 41, loss_trade: 47, accel: 0.015, max: 0.093, period: 5, pnl: "wma" }, poisoned: false, .. }
2022-07-07 14:00:11 | INFO  | src/main.rs:180 — buy
2022-07-07 14:00:11 | INFO  | src/main.rs:182 — 2022-07-07 14:00:00 - price=0.01902 - pos_profit=-1.13528 - profit=-8.38807 - size=4816.610522271002 - summ=91.61193213359445
2022-07-07 15:15:11 | INFO  | src/main.rs:228 — sell
2022-07-07 15:15:11 | INFO  | src/main.rs:230 — 2022-07-07 15:15:00 - price=0.01917 - pos_profit=0.72249 - profit=-7.66558 - size=4816.610522271002 - summ=92.3344237119351
2022-07-07 16:30:10 | INFO  | src/main.rs:180 — buy
2022-07-07 16:30:10 | INFO  | src/main.rs:182 — 2022-07-07 16:30:00 - price=0.01936 - pos_profit=-0.91516 - profit=-8.58073 - size=4722.069613259485 - summ=91.41926771270361
2022-07-07 17:02:00 | INFO  | src/best_params.rs:40 — Reload_params
2022-07-07 17:02:00 | INFO  | src/best_params.rs:42 — start_count_best_params
2022-07-07 17:02:08 | INFO  | src/best_params.rs:61 — duration time 8.007521368s
2022-07-07 17:02:08 | INFO  | src/best_params.rs:62 — best_profit=Mutex { data: 16.264182529448277, poisoned: false, .. }
2022-07-07 17:02:08 | INFO  | src/best_params.rs:63 — best_params=Mutex { data: BestParams { profit: 16.264182529448277, profit_trade: 40, loss_trade: 47, accel: 0.015, max: 0.093, period: 5, pnl: "wma" }, poisoned: false, .. }
2022-07-07 17:20:11 | INFO  | src/main.rs:228 — sell
2022-07-07 17:20:11 | INFO  | src/main.rs:230 — 2022-07-07 17:20:00 - price=0.01919 - pos_profit=-0.80275 - profit=-9.38348 - size=4722.069613259485 - summ=90.6165158784495
2022-07-07 18:05:10 | INFO  | src/main.rs:180 — buy
2022-07-07 18:05:10 | INFO  | src/main.rs:182 — 2022-07-07 18:05:00 - price=0.01957 - pos_profit=-1.79439 - profit=-11.17787 - size=4538.688269055232 - summ=88.82212942541089
2022-07-07 20:25:10 | INFO  | src/main.rs:228 — sell
2022-07-07 20:25:10 | INFO  | src/main.rs:230 — 2022-07-07 20:25:00 - price=0.01932 - pos_profit=-1.13467 - profit=-12.31254 - size=4538.688269055232 - summ=87.68745735814709
2022-07-07 21:02:00 | INFO  | src/best_params.rs:40 — Reload_params
2022-07-07 21:02:00 | INFO  | src/best_params.rs:42 — start_count_best_params
2022-07-07 21:02:07 | INFO  | src/best_params.rs:61 — duration time 7.758136011s
2022-07-07 21:02:07 | INFO  | src/best_params.rs:62 — best_profit=Mutex { data: 17.781801150371265, poisoned: false, .. }
2022-07-07 21:02:07 | INFO  | src/best_params.rs:63 — best_params=Mutex { data: BestParams { profit: 17.781801150371265, profit_trade: 8, loss_trade: 6, accel: 0.003, max: 0.009, period: 10, pnl: "wma" }, poisoned: false, .. }
2022-07-07 21:05:10 | INFO  | src/main.rs:180 — buy
2022-07-07 21:05:10 | INFO  | src/main.rs:182 — 2022-07-07 21:05:00 - price=0.01929 - pos_profit=0.13616 - profit=-12.17638 - size=4552.80549539755 - summ=87.82361800621874
2022-07-07 22:35:11 | INFO  | src/main.rs:228 — sell
2022-07-07 22:35:11 | INFO  | src/main.rs:230 — 2022-07-07 22:35:00 - price=0.01923 - pos_profit=-0.27317 - profit=-12.44955 - size=4552.80549539755 - summ=87.55044967649488
2022-07-08 01:02:00 | INFO  | src/best_params.rs:40 — Reload_params
2022-07-08 01:02:00 | INFO  | src/best_params.rs:42 — start_count_best_params
2022-07-08 01:02:08 | INFO  | src/best_params.rs:61 — duration time 8.212228575s
2022-07-08 01:02:08 | INFO  | src/best_params.rs:62 — best_profit=Mutex { data: 18.050057407366396, poisoned: false, .. }
2022-07-08 01:02:08 | INFO  | src/best_params.rs:63 — best_params=Mutex { data: BestParams { profit: 18.050057407366396, profit_trade: 8, loss_trade: 6, accel: 0.003, max: 0.009, period: 10, pnl: "wma" }, poisoned: false, .. }
2022-07-08 01:10:11 | INFO  | src/main.rs:180 — buy
2022-07-08 01:10:11 | INFO  | src/main.rs:182 — 2022-07-08 01:10:00 - price=0.01964 - pos_profit=-1.86665 - profit=-14.31620 - size=4362.718911577488 - summ=85.68379942338187
2022-07-08 05:00:10 | INFO  | src/main.rs:228 — sell
2022-07-08 05:00:10 | INFO  | src/main.rs:230 — 2022-07-08 05:00:00 - price=0.01938 - pos_profit=-1.13431 - profit=-15.45051 - size=4362.718911577488 - summ=84.54949250637172
2022-07-08 05:02:00 | INFO  | src/best_params.rs:40 — Reload_params
2022-07-08 05:02:00 | INFO  | src/best_params.rs:42 — start_count_best_params
2022-07-08 05:02:08 | INFO  | src/best_params.rs:61 — duration time 7.946176739s
2022-07-08 05:02:08 | INFO  | src/best_params.rs:62 — best_profit=Mutex { data: 14.988754997782436, poisoned: false, .. }
2022-07-08 05:02:08 | INFO  | src/best_params.rs:63 — best_params=Mutex { data: BestParams { profit: 14.988754997782436, profit_trade: 150, loss_trade: 129, accel: 0.091, max: 0.211, period: 12, pnl: "wma" }, poisoned: false, .. }
2022-07-08 05:10:11 | INFO  | src/main.rs:197 — 2022-07-08 05:10:00 - price=0.01941 - pos_profit=-0.13088 - profit=-15.58139 - summ=84.41861093902439 close by WMA signal
2022-07-08 05:20:12 | INFO  | src/main.rs:210 — buy
2022-07-08 05:20:12 | INFO  | src/main.rs:212 — 2022-07-08 05:20:00 - price=0.01942 - size=4346.993354223707 - summ=84.41861093902439
2022-07-08 05:40:11 | INFO  | src/main.rs:245 — 2022-07-08 05:40:00 - price=0.01945 - pos_profit=0.13041 - profit=-15.45098 - summ=84.54902073965108 close by WMA signal
2022-07-08 05:50:10 | INFO  | src/main.rs:258 — sell
2022-07-08 05:50:10 | INFO  | src/main.rs:260 — 2022-07-08 05:50:00 - price=0.01931 - size=4378.509618832267 - summ=84.54902073965108
2022-07-08 06:00:12 | INFO  | src/main.rs:197 — 2022-07-08 06:00:00 - price=0.01917 - pos_profit=0.61299 - profit=-14.83799 - summ=85.16201208628762 close by WMA signal
2022-07-08 06:20:10 | INFO  | src/main.rs:210 — buy
2022-07-08 06:20:10 | INFO  | src/main.rs:212 — 2022-07-08 06:20:00 - price=0.01926 - size=4421.703638955743 - summ=85.16201208628762
2022-07-08 06:30:11 | INFO  | src/main.rs:228 — sell
2022-07-08 06:30:11 | INFO  | src/main.rs:230 — 2022-07-08 06:30:00 - price=0.01911 - pos_profit=-0.66326 - profit=-15.50124 - size=4421.703638955743 - summ=84.49875654044425
2022-07-08 06:50:11 | INFO  | src/main.rs:197 — 2022-07-08 06:50:00 - price=0.01906 - pos_profit=0.22109 - profit=-15.28016 - summ=84.71984172239202 close by WMA signal
2022-07-08 06:55:10 | INFO  | src/main.rs:210 — buy
2022-07-08 06:55:10 | INFO  | src/main.rs:212 — 2022-07-08 06:55:00 - price=0.01918 - size=4417.092894806675 - summ=84.71984172239202
2022-07-08 07:10:11 | INFO  | src/main.rs:228 — sell
2022-07-08 07:10:11 | INFO  | src/main.rs:230 — 2022-07-08 07:10:00 - price=0.01906 - pos_profit=-0.53005 - profit=-15.81021 - size=4417.092894806675 - summ=84.18979057501522
2022-07-08 07:20:11 | INFO  | src/main.rs:197 — 2022-07-08 07:20:00 - price=0.01903 - pos_profit=0.13251 - profit=-15.67770 - summ=84.32230336185943 close by WMA signal
2022-07-08 07:30:11 | INFO  | src/main.rs:210 — buy
2022-07-08 07:30:11 | INFO  | src/main.rs:212 — 2022-07-08 07:30:00 - price=0.01911 - size=4412.470086962817 - summ=84.32230336185943
2022-07-08 07:50:12 | INFO  | src/main.rs:228 — sell
2022-07-08 07:50:12 | INFO  | src/main.rs:230 — 2022-07-08 07:50:00 - price=0.01903 - pos_profit=-0.35300 - profit=-16.03069 - size=4412.470086962817 - summ=83.9693057549024
2022-07-08 08:05:11 | INFO  | src/main.rs:180 — buy
2022-07-08 08:05:11 | INFO  | src/main.rs:182 — 2022-07-08 08:05:00 - price=0.01906 - pos_profit=-0.13237 - profit=-16.16307 - size=4398.579834852754 - summ=83.8369316522935
2022-07-08 08:10:11 | INFO  | src/main.rs:228 — sell
2022-07-08 08:10:11 | INFO  | src/main.rs:230 — 2022-07-08 08:10:00 - price=0.01909 - pos_profit=0.13196 - profit=-16.03111 - size=4398.579834852754 - summ=83.96888904733908
2022-07-08 08:30:11 | INFO  | src/main.rs:197 — 2022-07-08 08:30:00 - price=0.01905 - pos_profit=0.17594 - profit=-15.85517 - summ=84.14483224073318 close by WMA signal
2022-07-08 09:02:00 | INFO  | src/best_params.rs:40 — Reload_params
2022-07-08 09:02:00 | INFO  | src/best_params.rs:42 — start_count_best_params
2022-07-08 09:02:07 | INFO  | src/best_params.rs:61 — duration time 7.712570668s
2022-07-08 09:02:07 | INFO  | src/best_params.rs:62 — best_profit=Mutex { data: 18.543225726874496, poisoned: false, .. }
2022-07-08 09:02:07 | INFO  | src/best_params.rs:63 — best_params=Mutex { data: BestParams { profit: 18.543225726874496, profit_trade: 53, loss_trade: 30, accel: 0.014, max: 0.097, period: 19, pnl: "wma" }, poisoned: false, .. }
2022-07-08 09:45:10 | INFO  | src/main.rs:210 — buy
2022-07-08 09:45:10 | INFO  | src/main.rs:212 — 2022-07-08 09:45:00 - price=0.01876 - size=4485.332208994306 - summ=84.14483224073318
2022-07-08 10:00:11 | INFO  | src/main.rs:228 — sell
2022-07-08 10:00:11 | INFO  | src/main.rs:230 — 2022-07-08 10:00:00 - price=0.0187 - pos_profit=-0.26912 - profit=-16.12429 - size=4485.332208994306 - summ=83.87571230819353
2022-07-08 10:10:12 | INFO  | src/main.rs:180 — buy
2022-07-08 10:10:12 | INFO  | src/main.rs:182 — 2022-07-08 10:10:00 - price=0.01876 - pos_profit=-0.26912 - profit=-16.39341 - size=4456.641384629738 - summ=83.60659237565389
2022-07-08 10:25:11 | INFO  | src/main.rs:245 — 2022-07-08 10:25:00 - price=0.01902 - pos_profit=1.15873 - profit=-15.23468 - summ=84.76531913565762 close by WMA signal
2022-07-08 12:05:10 | INFO  | src/main.rs:258 — sell
2022-07-08 12:05:10 | INFO  | src/main.rs:260 — 2022-07-08 12:05:00 - price=0.01884 - size=4499.22076091601 - summ=84.76531913565762
2022-07-08 12:15:11 | INFO  | src/main.rs:180 — buy
2022-07-08 12:15:11 | INFO  | src/main.rs:182 — 2022-07-08 12:15:00 - price=0.01897 - pos_profit=-0.58490 - profit=-15.81958 - size=4437.555110002031 - summ=84.18042043673853
2022-07-08 12:25:11 | INFO  | src/main.rs:245 — 2022-07-08 12:25:00 - price=0.0189 - pos_profit=-0.31063 - profit=-16.13021 - summ=83.86979157903839 close by WMA signal
2022-07-08 12:35:11 | INFO  | src/main.rs:258 — sell
2022-07-08 12:35:11 | INFO  | src/main.rs:260 — 2022-07-08 12:35:00 - price=0.0188 - size=4461.159126544595 - summ=83.86979157903839
2022-07-08 12:45:11 | INFO  | src/main.rs:197 — 2022-07-08 12:45:00 - price=0.0186 - pos_profit=0.89223 - profit=-15.23798 - summ=84.76202340434732 close by WMA signal
2022-07-08 13:02:00 | INFO  | src/best_params.rs:40 — Reload_params
2022-07-08 13:02:00 | INFO  | src/best_params.rs:42 — start_count_best_params
2022-07-08 13:02:08 | INFO  | src/best_params.rs:61 — duration time 7.983169314s
2022-07-08 13:02:08 | INFO  | src/best_params.rs:62 — best_profit=Mutex { data: 18.942742435222442, poisoned: false, .. }
2022-07-08 13:02:08 | INFO  | src/best_params.rs:63 — best_params=Mutex { data: BestParams { profit: 18.942742435222442, profit_trade: 68, loss_trade: 40, accel: 0.032, max: 0.067, period: 13, pnl: "wma" }, poisoned: false, .. }
2022-07-08 13:20:12 | INFO  | src/main.rs:210 — buy
2022-07-08 13:20:12 | INFO  | src/main.rs:212 — 2022-07-08 13:20:00 - price=0.01883 - size=4501.435125031721 - summ=84.76202340434732
2022-07-08 14:05:10 | INFO  | src/main.rs:228 — sell
2022-07-08 14:05:10 | INFO  | src/main.rs:230 — 2022-07-08 14:05:00 - price=0.01878 - pos_profit=-0.22507 - profit=-15.46305 - size=4501.435125031721 - summ=84.53695164809574
2022-07-08 14:30:12 | INFO  | src/main.rs:180 — buy
2022-07-08 14:30:12 | INFO  | src/main.rs:182 — 2022-07-08 14:30:00 - price=0.01897 - pos_profit=-0.85527 - profit=-16.31832 - size=4411.26404714495 - summ=83.68167897433972
2022-07-08 14:50:11 | INFO  | src/main.rs:245 — 2022-07-08 14:50:00 - price=0.01906 - pos_profit=0.39701 - profit=-15.92131 - summ=84.07869273858276 close by WMA signal
2022-07-08 16:10:11 | INFO  | src/main.rs:258 — sell
2022-07-08 16:10:11 | INFO  | src/main.rs:260 — 2022-07-08 16:10:00 - price=0.01914 - size=4392.826161890426 - summ=84.07869273858276
2022-07-08 16:35:11 | INFO  | src/main.rs:197 — 2022-07-08 16:35:00 - price=0.01902 - pos_profit=0.52714 - profit=-15.39417 - summ=84.60583187800962 close by WMA signal
2022-07-08 17:02:00 | INFO  | src/best_params.rs:40 — Reload_params
2022-07-08 17:02:00 | INFO  | src/best_params.rs:42 — start_count_best_params
2022-07-08 17:02:08 | INFO  | src/best_params.rs:61 — duration time 7.993759594s
2022-07-08 17:02:08 | INFO  | src/best_params.rs:62 — best_profit=Mutex { data: 20.678363237309796, poisoned: false, .. }
2022-07-08 17:02:08 | INFO  | src/best_params.rs:63 — best_params=Mutex { data: BestParams { profit: 20.678363237309796, profit_trade: 54, loss_trade: 32, accel: 0.014, max: 0.097, period: 19, pnl: "wma" }, poisoned: false, .. }
2022-07-08 17:30:11 | INFO  | src/main.rs:210 — buy
2022-07-08 17:30:11 | INFO  | src/main.rs:212 — 2022-07-08 17:30:00 - price=0.01906 - size=4438.920875026738 - summ=84.60583187800962
2022-07-08 18:20:11 | INFO  | src/main.rs:245 — 2022-07-08 18:20:00 - price=0.01935 - pos_profit=1.28729 - profit=-14.10688 - summ=85.89311893176738 close by WMA signal
2022-07-08 18:55:10 | INFO  | src/main.rs:258 — sell
2022-07-08 18:55:10 | INFO  | src/main.rs:260 — 2022-07-08 18:55:00 - price=0.01923 - size=4466.620849285875 - summ=85.89311893176738
2022-07-08 19:45:11 | INFO  | src/main.rs:180 — buy
2022-07-08 19:45:11 | INFO  | src/main.rs:182 — 2022-07-08 19:45:00 - price=0.01946 - pos_profit=-1.02732 - profit=-15.13420 - size=4361.037828182508 - summ=84.86579613643161
2022-07-08 19:55:11 | INFO  | src/main.rs:245 — 2022-07-08 19:55:00 - price=0.01942 - pos_profit=-0.17444 - profit=-15.30865 - summ=84.6913546233043 close by WMA signal
2022-07-08 21:02:00 | INFO  | src/best_params.rs:40 — Reload_params
2022-07-08 21:02:00 | INFO  | src/best_params.rs:42 — start_count_best_params
2022-07-08 21:02:08 | INFO  | src/best_params.rs:61 — duration time 8.412398794s
2022-07-08 21:02:08 | INFO  | src/best_params.rs:62 — best_profit=Mutex { data: 22.26829308586862, poisoned: false, .. }
2022-07-08 21:02:08 | INFO  | src/best_params.rs:63 — best_params=Mutex { data: BestParams { profit: 22.26829308586862, profit_trade: 154, loss_trade: 120, accel: 0.091, max: 0.211, period: 12, pnl: "wma" }, poisoned: false, .. }
2022-07-08 21:25:10 | INFO  | src/main.rs:258 — sell
2022-07-08 21:25:10 | INFO  | src/main.rs:260 — 2022-07-08 21:25:00 - price=0.01971 - size=4296.87238068515 - summ=84.6913546233043
2022-07-08 21:40:10 | INFO  | src/main.rs:197 — 2022-07-08 21:40:00 - price=0.0196 - pos_profit=0.47266 - profit=-14.83599 - summ=85.16401058517967 close by WMA signal
2022-07-08 22:30:10 | INFO  | src/main.rs:210 — buy
2022-07-08 22:30:10 | INFO  | src/main.rs:212 — 2022-07-08 22:30:00 - price=0.01947 - size=4374.1145652377845 - summ=85.16401058517967
2022-07-08 22:50:11 | INFO  | src/main.rs:245 — 2022-07-08 22:50:00 - price=0.01948 - pos_profit=0.04374 - profit=-14.79225 - summ=85.20775173083204 close by WMA signal
2022-07-08 22:55:10 | INFO  | src/main.rs:258 — sell
2022-07-08 22:55:10 | INFO  | src/main.rs:260 — 2022-07-08 22:55:00 - price=0.01946 - size=4378.6100581105875 - summ=85.20775173083204
2022-07-08 23:10:10 | INFO  | src/main.rs:180 — buy
2022-07-08 23:10:10 | INFO  | src/main.rs:182 — 2022-07-08 23:10:00 - price=0.01956 - pos_profit=-0.43786 - profit=-15.23011 - size=4333.838994121727 - summ=84.76989072502099
2022-07-08 23:20:11 | INFO  | src/main.rs:245 — 2022-07-08 23:20:00 - price=0.01964 - pos_profit=0.34671 - profit=-14.88340 - summ=85.11659784455072 close by WMA signal
2022-07-08 23:50:11 | INFO  | src/main.rs:258 — sell
2022-07-08 23:50:11 | INFO  | src/main.rs:260 — 2022-07-08 23:50:00 - price=0.01959 - size=4344.900349390032 - summ=85.11659784455072
2022-07-09 00:00:10 | INFO  | src/main.rs:197 — 2022-07-09 00:00:00 - price=0.01924 - pos_profit=1.52072 - profit=-13.36269 - summ=86.63731296683724 close by WMA signal
2022-07-09 00:10:10 | INFO  | src/main.rs:210 — buy
2022-07-09 00:10:10 | INFO  | src/main.rs:212 — 2022-07-09 00:10:00 - price=0.01968 - size=4402.302488152299 - summ=86.63731296683724
2022-07-09 00:25:10 | INFO  | src/main.rs:245 — 2022-07-09 00:25:00 - price=0.02024 - pos_profit=2.46529 - profit=-10.89740 - summ=89.10260236020254 close by WMA signal
2022-07-09 01:00:11 | INFO  | src/main.rs:258 — sell
2022-07-09 01:00:11 | INFO  | src/main.rs:260 — 2022-07-09 01:00:00 - price=0.02074 - size=4296.1717627870075 - summ=89.10260236020254
2022-07-09 01:02:00 | INFO  | src/best_params.rs:40 — Reload_params
2022-07-09 01:02:00 | INFO  | src/best_params.rs:42 — start_count_best_params
2022-07-09 01:02:08 | INFO  | src/best_params.rs:61 — duration time 8.000253027s
2022-07-09 01:02:08 | INFO  | src/best_params.rs:62 — best_profit=Mutex { data: 28.929595358586766, poisoned: false, .. }
2022-07-09 01:02:08 | INFO  | src/best_params.rs:63 — best_params=Mutex { data: BestParams { profit: 28.929595358586766, profit_trade: 6, loss_trade: 5, accel: 0.004, max: 0.007, period: 10, pnl: "wma" }, poisoned: false, .. }
2022-07-09 01:05:11 | INFO  | src/main.rs:180 — buy
2022-07-09 01:05:11 | INFO  | src/main.rs:182 — 2022-07-09 01:05:00 - price=0.02069 - pos_profit=0.21481 - profit=-10.68259 - size=4316.936246899077 - summ=89.31741094834189
2022-07-09 05:02:00 | INFO  | src/best_params.rs:40 — Reload_params
2022-07-09 05:02:00 | INFO  | src/best_params.rs:42 — start_count_best_params
2022-07-09 05:02:08 | INFO  | src/best_params.rs:61 — duration time 8.172512527s
2022-07-09 05:02:08 | INFO  | src/best_params.rs:62 — best_profit=Mutex { data: 30.219650167942888, poisoned: false, .. }
2022-07-09 05:02:08 | INFO  | src/best_params.rs:63 — best_params=Mutex { data: BestParams { profit: 30.219650167942888, profit_trade: 7, loss_trade: 5, accel: 0.004, max: 0.007, period: 10, pnl: "wma" }, poisoned: false, .. }
2022-07-09 09:02:00 | INFO  | src/best_params.rs:40 — Reload_params
2022-07-09 09:02:00 | INFO  | src/best_params.rs:42 — start_count_best_params
2022-07-09 09:02:08 | INFO  | src/best_params.rs:61 — duration time 7.956876132s
2022-07-09 09:02:08 | INFO  | src/best_params.rs:62 — best_profit=Mutex { data: 27.135860623970075, poisoned: false, .. }
2022-07-09 09:02:08 | INFO  | src/best_params.rs:63 — best_params=Mutex { data: BestParams { profit: 27.135860623970075, profit_trade: 153, loss_trade: 125, accel: 0.092, max: 0.217, period: 10, pnl: "wma" }, poisoned: false, .. }
2022-07-09 09:05:11 | INFO  | src/main.rs:245 — 2022-07-09 09:05:00 - price=0.02143 - pos_profit=3.19453 - profit=-7.48806 - summ=92.51194377104721 close by WMA signal
2022-07-09 09:10:11 | INFO  | src/main.rs:258 — sell
2022-07-09 09:10:11 | INFO  | src/main.rs:260 — 2022-07-09 09:10:00 - price=0.02144 - size=4314.922750515262 - summ=92.51194377104721
2022-07-09 09:35:11 | INFO  | src/main.rs:197 — 2022-07-09 09:35:00 - price=0.02135 - pos_profit=0.38834 - profit=-7.09971 - summ=92.90028681859357 close by WMA signal
2022-07-09 09:45:11 | INFO  | src/main.rs:210 — buy
2022-07-09 09:45:11 | INFO  | src/main.rs:212 — 2022-07-09 09:45:00 - price=0.02141 - size=4339.10727784183 - summ=92.90028681859357
2022-07-09 09:50:11 | INFO  | src/main.rs:228 — sell
2022-07-09 09:50:11 | INFO  | src/main.rs:230 — 2022-07-09 09:50:00 - price=0.02144 - pos_profit=0.13017 - profit=-6.96954 - size=4339.10727784183 - summ=93.03046003692884
2022-07-09 10:05:11 | INFO  | src/main.rs:197 — 2022-07-09 10:05:00 - price=0.02132 - pos_profit=0.52069 - profit=-6.44885 - summ=93.55115291026988 close by WMA signal
2022-07-09 10:10:11 | INFO  | src/main.rs:210 — buy
2022-07-09 10:10:11 | INFO  | src/main.rs:212 — 2022-07-09 10:10:00 - price=0.02148 - size=4355.267826362658 - summ=93.55115291026988
2022-07-09 10:20:11 | INFO  | src/main.rs:245 — 2022-07-09 10:20:00 - price=0.02159 - pos_profit=0.47908 - profit=-5.96977 - summ=94.03023237116979 close by WMA signal
2022-07-09 10:35:11 | INFO  | src/main.rs:258 — sell
2022-07-09 10:35:11 | INFO  | src/main.rs:260 — 2022-07-09 10:35:00 - price=0.02142 - size=4389.833444032202 - summ=94.03023237116979
2022-07-09 10:45:11 | INFO  | src/main.rs:180 — buy
2022-07-09 10:45:11 | INFO  | src/main.rs:182 — 2022-07-09 10:45:00 - price=0.02161 - pos_profit=-0.83407 - profit=-6.80384 - size=4312.640630115858 - summ=93.19616401680368
2022-07-09 11:10:11 | INFO  | src/main.rs:228 — sell
2022-07-09 11:10:11 | INFO  | src/main.rs:230 — 2022-07-09 11:10:00 - price=0.02145 - pos_profit=-0.69002 - profit=-7.49386 - size=4312.640630115858 - summ=92.50614151598515
2022-07-09 11:20:10 | INFO  | src/main.rs:197 — 2022-07-09 11:20:00 - price=0.02154 - pos_profit=-0.38814 - profit=-7.88200 - summ=92.11800385927472 close by WMA signal
2022-07-09 11:45:11 | INFO  | src/main.rs:210 — buy
2022-07-09 11:45:11 | INFO  | src/main.rs:212 — 2022-07-09 11:45:00 - price=0.02155 - size=4274.617348458224 - summ=92.11800385927472
2022-07-09 11:55:11 | INFO  | src/main.rs:228 — sell
2022-07-09 11:55:11 | INFO  | src/main.rs:230 — 2022-07-09 11:55:00 - price=0.02147 - pos_profit=-0.34197 - profit=-8.22397 - size=4274.617348458224 - summ=91.77603447139806
2022-07-09 12:05:11 | INFO  | src/main.rs:197 — 2022-07-09 12:05:00 - price=0.02133 - pos_profit=0.59845 - profit=-7.62552 - summ=92.3744809001822 close by WMA signal
2022-07-09 12:20:11 | INFO  | src/main.rs:210 — buy
2022-07-09 12:20:11 | INFO  | src/main.rs:212 — 2022-07-09 12:20:00 - price=0.02143 - size=4310.521740559132 - summ=92.3744809001822
2022-07-09 12:50:10 | INFO  | src/main.rs:228 — sell
2022-07-09 12:50:10 | INFO  | src/main.rs:230 — 2022-07-09 12:50:00 - price=0.02111 - pos_profit=-1.37937 - profit=-9.00489 - size=4310.521740559132 - summ=90.99511394320328
2022-07-09 13:00:11 | INFO  | src/main.rs:197 — 2022-07-09 13:00:00 - price=0.02114 - pos_profit=-0.12932 - profit=-9.13420 - summ=90.8657982909865 close by WMA signal
2022-07-09 13:02:00 | INFO  | src/best_params.rs:40 — Reload_params
2022-07-09 13:02:00 | INFO  | src/best_params.rs:42 — start_count_best_params
2022-07-09 13:02:09 | INFO  | src/best_params.rs:61 — duration time 8.877124232s
2022-07-09 13:02:09 | INFO  | src/best_params.rs:62 — best_profit=Mutex { data: 25.44016915433984, poisoned: false, .. }
2022-07-09 13:02:09 | INFO  | src/best_params.rs:63 — best_params=Mutex { data: BestParams { profit: 25.44016915433984, profit_trade: 151, loss_trade: 125, accel: 0.092, max: 0.217, period: 10, pnl: "wma" }, poisoned: false, .. }
2022-07-09 13:10:11 | INFO  | src/main.rs:210 — buy
2022-07-09 13:10:11 | INFO  | src/main.rs:212 — 2022-07-09 13:10:00 - price=0.0212 - size=4286.12256089559 - summ=90.8657982909865
2022-07-09 13:35:11 | INFO  | src/main.rs:245 — 2022-07-09 13:35:00 - price=0.02124 - pos_profit=0.17144 - profit=-8.96276 - summ=91.03724319342233 close by WMA signal
2022-07-09 13:50:10 | INFO  | src/main.rs:258 — sell
2022-07-09 13:50:10 | INFO  | src/main.rs:260 — 2022-07-09 13:50:00 - price=0.02116 - size=4302.327183053985 - summ=91.03724319342233
2022-07-09 14:10:11 | INFO  | src/main.rs:180 — buy
2022-07-09 14:10:11 | INFO  | src/main.rs:182 — 2022-07-09 14:10:00 - price=0.0214 - pos_profit=-1.03256 - profit=-9.99532 - size=4205.826386424737 - summ=90.00468466948938
2022-07-09 14:20:11 | INFO  | src/main.rs:245 — 2022-07-09 14:20:00 - price=0.02132 - pos_profit=-0.33647 - profit=-10.33178 - summ=89.66821855857539 close by WMA signal
2022-07-09 15:05:11 | INFO  | src/main.rs:258 — sell
2022-07-09 15:05:11 | INFO  | src/main.rs:260 — 2022-07-09 15:05:00 - price=0.02143 - size=4184.237916872393 - summ=89.66821855857539
2022-07-09 15:25:10 | INFO  | src/main.rs:180 — buy
2022-07-09 15:25:10 | INFO  | src/main.rs:182 — 2022-07-09 15:25:00 - price=0.02158 - pos_profit=-0.62764 - profit=-10.95942 - size=4126.069641846365 - summ=89.04058287104455
2022-07-09 15:35:11 | INFO  | src/main.rs:245 — 2022-07-09 15:35:00 - price=0.02189 - pos_profit=1.27908 - profit=-9.68034 - summ=90.31966446001692 close by WMA signal
2022-07-09 15:50:11 | INFO  | src/main.rs:258 — sell
2022-07-09 15:50:11 | INFO  | src/main.rs:260 — 2022-07-09 15:50:00 - price=0.02174 - size=4154.538383625434 - summ=90.31966446001692
2022-07-09 16:15:10 | INFO  | src/main.rs:180 — buy
2022-07-09 16:15:10 | INFO  | src/main.rs:182 — 2022-07-09 16:15:00 - price=0.02181 - pos_profit=-0.29082 - profit=-9.97115 - size=4127.870095055622 - summ=90.02884677316312
2022-07-09 16:40:11 | INFO  | src/main.rs:228 — sell
2022-07-09 16:40:11 | INFO  | src/main.rs:230 — 2022-07-09 16:40:00 - price=0.02175 - pos_profit=-0.24767 - profit=-10.21883 - size=4127.870095055622 - summ=89.78117456745977
2022-07-09 16:50:11 | INFO  | src/main.rs:197 — 2022-07-09 16:50:00 - price=0.02175 - pos_profit=0.00000 - profit=-10.21883 - summ=89.78117456745977 close by WMA signal
2022-07-09 17:02:00 | INFO  | src/best_params.rs:40 — Reload_params
2022-07-09 17:02:00 | INFO  | src/best_params.rs:42 — start_count_best_params
2022-07-09 17:02:08 | INFO  | src/best_params.rs:61 — duration time 8.169051467s
2022-07-09 17:02:08 | INFO  | src/best_params.rs:62 — best_profit=Mutex { data: 24.62334681374864, poisoned: false, .. }
2022-07-09 17:02:08 | INFO  | src/best_params.rs:63 — best_params=Mutex { data: BestParams { profit: 24.62334681374864, profit_trade: 151, loss_trade: 122, accel: 0.092, max: 0.211, period: 12, pnl: "wma" }, poisoned: false, .. }
2022-07-09 17:15:11 | INFO  | src/main.rs:210 — buy
2022-07-09 17:15:11 | INFO  | src/main.rs:212 — 2022-07-09 17:15:00 - price=0.02169 - size=4139.288822842774 - summ=89.78117456745977
2022-07-09 17:30:10 | INFO  | src/main.rs:245 — 2022-07-09 17:30:00 - price=0.02176 - pos_profit=0.28975 - profit=-9.92908 - summ=90.07092478505876 close by WMA signal
2022-07-09 17:45:11 | INFO  | src/main.rs:258 — sell
2022-07-09 17:45:11 | INFO  | src/main.rs:260 — 2022-07-09 17:45:00 - price=0.02176 - size=4139.288822842774 - summ=90.07092478505876
2022-07-09 18:05:11 | INFO  | src/main.rs:180 — buy
2022-07-09 18:05:11 | INFO  | src/main.rs:182 — 2022-07-09 18:05:00 - price=0.02182 - pos_profit=-0.24836 - profit=-10.17743 - size=4116.524631333099 - summ=89.82256745568822
2022-07-09 18:10:11 | INFO  | src/main.rs:228 — sell
2022-07-09 18:10:11 | INFO  | src/main.rs:230 — 2022-07-09 18:10:00 - price=0.02176 - pos_profit=-0.24699 - profit=-10.42442 - size=4116.524631333099 - summ=89.57557597780824
2022-07-09 18:15:11 | INFO  | src/main.rs:180 — buy
2022-07-09 18:15:11 | INFO  | src/main.rs:182 — 2022-07-09 18:15:00 - price=0.02185 - pos_profit=-0.37049 - profit=-10.79491 - size=4082.612757939966 - summ=89.20508876098826
2022-07-09 18:25:11 | INFO  | src/main.rs:245 — 2022-07-09 18:25:00 - price=0.02186 - pos_profit=0.04083 - profit=-10.75409 - summ=89.24591488856765 close by WMA signal
2022-07-09 19:15:10 | INFO  | src/main.rs:258 — sell
2022-07-09 19:15:10 | INFO  | src/main.rs:260 — 2022-07-09 19:15:00 - price=0.02265 - size=3940.216992872744 - summ=89.24591488856765
2022-07-09 19:40:11 | INFO  | src/main.rs:180 — buy
2022-07-09 19:40:11 | INFO  | src/main.rs:182 — 2022-07-09 19:40:00 - price=0.02273 - pos_profit=-0.31522 - profit=-11.06930 - size=3912.4811935388398 - summ=88.93069752913783
2022-07-09 19:50:11 | INFO  | src/main.rs:245 — 2022-07-09 19:50:00 - price=0.02288 - pos_profit=0.58687 - profit=-10.48243 - summ=89.51756970816865 close by WMA signal
2022-07-09 20:30:11 | INFO  | src/main.rs:258 — sell
2022-07-09 20:30:11 | INFO  | src/main.rs:260 — 2022-07-09 20:30:00 - price=0.02314 - size=3868.5207306900884 - summ=89.51756970816865
2022-07-09 20:55:11 | INFO  | src/main.rs:197 — 2022-07-09 20:55:00 - price=0.0231 - pos_profit=0.15474 - profit=-10.32769 - summ=89.67231053739626 close by WMA signal
2022-07-09 21:02:00 | INFO  | src/best_params.rs:40 — Reload_params
2022-07-09 21:02:00 | INFO  | src/best_params.rs:42 — start_count_best_params
2022-07-09 21:02:07 | INFO  | src/best_params.rs:61 — duration time 7.676070781s
2022-07-09 21:02:07 | INFO  | src/best_params.rs:62 — best_profit=Mutex { data: 22.130940931434623, poisoned: false, .. }
2022-07-09 21:02:07 | INFO  | src/best_params.rs:63 — best_params=Mutex { data: BestParams { profit: 22.130940931434623, profit_trade: 143, loss_trade: 120, accel: 0.126, max: 0.164, period: 10, pnl: "wma" }, poisoned: false, .. }
2022-07-09 21:45:11 | INFO  | src/main.rs:210 — buy
2022-07-09 21:45:11 | INFO  | src/main.rs:212 — 2022-07-09 21:45:00 - price=0.02321 - size=3863.5204884703253 - summ=89.67231053739626
2022-07-09 22:00:10 | INFO  | src/main.rs:228 — sell
2022-07-09 22:00:10 | INFO  | src/main.rs:230 — 2022-07-09 22:00:00 - price=0.02298 - pos_profit=-0.88861 - profit=-11.21630 - size=3863.5204884703253 - summ=88.78370082504807
2022-07-09 22:10:11 | INFO  | src/main.rs:180 — buy
2022-07-09 22:10:11 | INFO  | src/main.rs:182 — 2022-07-09 22:10:00 - price=0.02307 - pos_profit=-0.34772 - profit=-11.56402 - size=3833.3759853093084 - summ=88.43598398108574
2022-07-09 22:20:11 | INFO  | src/main.rs:245 — 2022-07-09 22:20:00 - price=0.02308 - pos_profit=0.03833 - profit=-11.52568 - summ=88.47431774093883 close by WMA signal
2022-07-09 22:45:12 | INFO  | src/main.rs:258 — sell
2022-07-09 22:45:12 | INFO  | src/main.rs:260 — 2022-07-09 22:45:00 - price=0.02304 - size=3840.03115195047 - summ=88.47431774093883
2022-07-09 22:55:11 | INFO  | src/main.rs:197 — 2022-07-09 22:55:00 - price=0.02294 - pos_profit=0.38400 - profit=-11.14168 - summ=88.85832085613389 close by WMA signal
2022-07-09 23:05:10 | INFO  | src/main.rs:210 — buy
2022-07-09 23:05:10 | INFO  | src/main.rs:212 — 2022-07-09 23:05:00 - price=0.02311 - size=3845.0160474311506 - summ=88.85832085613389
2022-07-09 23:15:11 | INFO  | src/main.rs:245 — 2022-07-09 23:15:00 - price=0.02324 - pos_profit=0.49985 - profit=-10.64183 - summ=89.35817294229994 close by WMA signal
2022-07-09 23:30:10 | INFO  | src/main.rs:258 — sell
2022-07-09 23:30:10 | INFO  | src/main.rs:260 — 2022-07-09 23:30:00 - price=0.0231 - size=3868.31917499134 - summ=89.35817294229994
2022-07-09 23:40:10 | INFO  | src/main.rs:197 — 2022-07-09 23:40:00 - price=0.02305 - pos_profit=0.19342 - profit=-10.44841 - summ=89.5515889010495 close by WMA signal
2022-07-09 23:55:11 | INFO  | src/main.rs:210 — buy
2022-07-09 23:55:11 | INFO  | src/main.rs:212 — 2022-07-09 23:55:00 - price=0.02326 - size=3850.0253181878547 - summ=89.5515889010495
2022-07-10 00:10:10 | INFO  | src/main.rs:245 — 2022-07-10 00:10:00 - price=0.02346 - pos_profit=0.77001 - profit=-9.67841 - summ=90.32159396468708 close by WMA signal
2022-07-10 00:40:11 | INFO  | src/main.rs:258 — sell
2022-07-10 00:40:11 | INFO  | src/main.rs:260 — 2022-07-10 00:40:00 - price=0.02415 - size=3740.024594811059 - summ=90.32159396468708
2022-07-10 01:02:00 | INFO  | src/best_params.rs:40 — Reload_params
2022-07-10 01:02:00 | INFO  | src/best_params.rs:42 — start_count_best_params
2022-07-10 01:02:07 | INFO  | src/best_params.rs:61 — duration time 7.528271061s
2022-07-10 01:02:07 | INFO  | src/best_params.rs:62 — best_profit=Mutex { data: 22.604777654750535, poisoned: false, .. }
2022-07-10 01:02:07 | INFO  | src/best_params.rs:63 — best_params=Mutex { data: BestParams { profit: 22.604777654750535, profit_trade: 44, loss_trade: 45, accel: 0.015, max: 0.091, period: 8, pnl: "wma" }, poisoned: false, .. }
2022-07-10 04:10:11 | INFO  | src/main.rs:197 — 2022-07-10 04:10:00 - price=0.02279 - pos_profit=5.08643 - profit=-4.59197 - summ=95.40802741363012 close by WMA signal
2022-07-10 04:55:11 | INFO  | src/main.rs:210 — buy
2022-07-10 04:55:11 | INFO  | src/main.rs:212 — 2022-07-10 04:55:00 - price=0.02289 - size=4168.109541879866 - summ=95.40802741363012
2022-07-10 05:02:00 | INFO  | src/best_params.rs:40 — Reload_params
2022-07-10 05:02:00 | INFO  | src/best_params.rs:42 — start_count_best_params
2022-07-10 05:02:08 | INFO  | src/best_params.rs:61 — duration time 8.399044636s
2022-07-10 05:02:08 | INFO  | src/best_params.rs:62 — best_profit=Mutex { data: 28.51206669539968, poisoned: false, .. }
2022-07-10 05:02:08 | INFO  | src/best_params.rs:63 — best_params=Mutex { data: BestParams { profit: 28.51206669539968, profit_trade: 5, loss_trade: 3, accel: 0.001, max: 0.007, period: 10, pnl: "wma" }, poisoned: false, .. }
2022-07-10 05:05:12 | INFO  | src/main.rs:228 — sell
2022-07-10 05:05:12 | INFO  | src/main.rs:230 — 2022-07-10 05:05:00 - price=0.02285 - pos_profit=-0.16672 - profit=-4.75870 - size=4168.109541879866 - summ=95.24130303195493
2022-07-10 09:02:00 | INFO  | src/best_params.rs:40 — Reload_params
2022-07-10 09:02:00 | INFO  | src/best_params.rs:42 — start_count_best_params
2022-07-10 09:02:08 | INFO  | src/best_params.rs:61 — duration time 7.770235852s
2022-07-10 09:02:08 | INFO  | src/best_params.rs:62 — best_profit=Mutex { data: 30.949833947671237, poisoned: false, .. }
2022-07-10 09:02:08 | INFO  | src/best_params.rs:63 — best_params=Mutex { data: BestParams { profit: 30.949833947671237, profit_trade: 5, loss_trade: 5, accel: 0.003, max: 0.007, period: 10, pnl: "wma" }, poisoned: false, .. }
2022-07-10 13:02:00 | INFO  | src/best_params.rs:40 — Reload_params
2022-07-10 13:02:00 | INFO  | src/best_params.rs:42 — start_count_best_params
2022-07-10 13:02:07 | INFO  | src/best_params.rs:61 — duration time 7.685544744s
2022-07-10 13:02:07 | INFO  | src/best_params.rs:62 — best_profit=Mutex { data: 29.06820680631064, poisoned: false, .. }
2022-07-10 13:02:07 | INFO  | src/best_params.rs:63 — best_params=Mutex { data: BestParams { profit: 29.06820680631064, profit_trade: 177, loss_trade: 145, accel: 0.203, max: 0.218, period: 9, pnl: "wma" }, poisoned: false, .. }
2022-07-10 13:05:12 | INFO  | src/main.rs:197 — 2022-07-10 13:05:00 - price=0.02312 - pos_profit=-1.12539 - profit=-5.88409 - summ=94.11591345564734 close by WMA signal
2022-07-10 13:30:12 | INFO  | src/main.rs:210 — buy
2022-07-10 13:30:12 | INFO  | src/main.rs:212 — 2022-07-10 13:30:00 - price=0.02318 - size=4060.2205977414733 - summ=94.11591345564734
2022-07-10 13:35:11 | INFO  | src/main.rs:228 — sell
2022-07-10 13:35:11 | INFO  | src/main.rs:230 — 2022-07-10 13:35:00 - price=0.02297 - pos_profit=-0.85265 - profit=-6.73673 - size=4060.2205977414733 - summ=93.26326713012165
2022-07-10 13:45:10 | INFO  | src/main.rs:197 — 2022-07-10 13:45:00 - price=0.02289 - pos_profit=0.32482 - profit=-6.41192 - summ=93.58808477794096 close by WMA signal
2022-07-10 14:20:10 | INFO  | src/main.rs:210 — buy
2022-07-10 14:20:10 | INFO  | src/main.rs:212 — 2022-07-10 14:20:00 - price=0.02269 - size=4124.640140059099 - summ=93.58808477794096
2022-07-10 14:30:11 | INFO  | src/main.rs:228 — sell
2022-07-10 14:30:11 | INFO  | src/main.rs:230 — 2022-07-10 14:30:00 - price=0.02251 - pos_profit=-0.74244 - profit=-7.15435 - size=4124.640140059099 - summ=92.84564955273032
2022-07-10 14:40:10 | INFO  | src/main.rs:197 — 2022-07-10 14:40:00 - price=0.02249 - pos_profit=0.08249 - profit=-7.07186 - summ=92.9281423555315 close by WMA signal
2022-07-10 14:50:11 | INFO  | src/main.rs:210 — buy
2022-07-10 14:50:11 | INFO  | src/main.rs:212 — 2022-07-10 14:50:00 - price=0.02253 - size=4124.640140059099 - summ=92.9281423555315
2022-07-10 15:05:11 | INFO  | src/main.rs:228 — sell
2022-07-10 15:05:11 | INFO  | src/main.rs:230 — 2022-07-10 15:05:00 - price=0.02263 - pos_profit=0.41246 - profit=-6.65939 - size=4124.640140059099 - summ=93.34060636953743
2022-07-10 15:10:12 | INFO  | src/main.rs:180 — buy
2022-07-10 15:10:12 | INFO  | src/main.rs:182 — 2022-07-10 15:10:00 - price=0.02269 - pos_profit=-0.24748 - profit=-6.90687 - size=4102.82626536509 - summ=93.09312796113389
2022-07-10 15:30:11 | INFO  | src/main.rs:228 — sell
2022-07-10 15:30:11 | INFO  | src/main.rs:230 — 2022-07-10 15:30:00 - price=0.0226 - pos_profit=-0.36925 - profit=-7.27613 - size=4102.82626536509 - summ=92.72387359725103
2022-07-10 15:40:10 | INFO  | src/main.rs:197 — 2022-07-10 15:40:00 - price=0.02247 - pos_profit=0.53337 - profit=-6.74276 - summ=93.25724101174849 close by WMA signal
2022-07-10 15:55:10 | INFO  | src/main.rs:210 — buy
2022-07-10 15:55:10 | INFO  | src/main.rs:212 — 2022-07-10 15:55:00 - price=0.02253 - size=4139.247270827718 - summ=93.25724101174849
2022-07-10 16:00:11 | INFO  | src/main.rs:228 — sell
2022-07-10 16:00:11 | INFO  | src/main.rs:230 — 2022-07-10 16:00:00 - price=0.02246 - pos_profit=-0.28975 - profit=-7.03251 - size=4139.247270827718 - summ=92.96749370279055
2022-07-10 16:10:11 | INFO  | src/main.rs:197 — 2022-07-10 16:10:00 - price=0.02242 - pos_profit=0.16557 - profit=-6.86694 - summ=93.13306359362366 close by WMA signal
2022-07-10 16:30:10 | INFO  | src/main.rs:210 — buy
2022-07-10 16:30:10 | INFO  | src/main.rs:212 — 2022-07-10 16:30:00 - price=0.02238 - size=4161.441626167277 - summ=93.13306359362366
2022-07-10 16:40:11 | INFO  | src/main.rs:245 — 2022-07-10 16:40:00 - price=0.02255 - pos_profit=0.70745 - profit=-6.15949 - summ=93.8405086700721 close by WMA signal
2022-07-10 16:55:10 | INFO  | src/main.rs:258 — sell
2022-07-10 16:55:10 | INFO  | src/main.rs:260 — 2022-07-10 16:55:00 - price=0.02247 - size=4176.257617715714 - summ=93.8405086700721
2022-07-10 17:02:00 | INFO  | src/best_params.rs:40 — Reload_params
2022-07-10 17:02:00 | INFO  | src/best_params.rs:42 — start_count_best_params
2022-07-10 17:02:08 | INFO  | src/best_params.rs:61 — duration time 8.212799273s
2022-07-10 17:02:08 | INFO  | src/best_params.rs:62 — best_profit=Mutex { data: 30.991823382957136, poisoned: false, .. }
2022-07-10 17:02:08 | INFO  | src/best_params.rs:63 — best_params=Mutex { data: BestParams { profit: 30.991823382957136, profit_trade: 4, loss_trade: 5, accel: 0.003, max: 0.007, period: 10, pnl: "wma" }, poisoned: false, .. }
2022-07-10 21:02:00 | INFO  | src/best_params.rs:40 — Reload_params
2022-07-10 21:02:00 | INFO  | src/best_params.rs:42 — start_count_best_params
2022-07-10 21:02:08 | INFO  | src/best_params.rs:61 — duration time 8.07189136s
2022-07-10 21:02:08 | INFO  | src/best_params.rs:62 — best_profit=Mutex { data: 27.71114707613654, poisoned: false, .. }
2022-07-10 21:02:08 | INFO  | src/best_params.rs:63 — best_params=Mutex { data: BestParams { profit: 27.71114707613654, profit_trade: 146, loss_trade: 118, accel: 0.096, max: 0.184, period: 11, pnl: "wma" }, poisoned: false, .. }
2022-07-10 21:05:11 | INFO  | src/main.rs:180 — buy
2022-07-10 21:05:11 | INFO  | src/main.rs:182 — 2022-07-10 21:05:00 - price=0.02291 - pos_profit=-1.83755 - profit=-7.99704 - size=4015.8426590256295 - summ=92.00295531827717
2022-07-10 21:15:11 | INFO  | src/main.rs:245 — 2022-07-10 21:15:00 - price=0.02288 - pos_profit=-0.12048 - profit=-8.11752 - summ=91.8824800385064 close by WMA signal
2022-07-10 21:20:11 | INFO  | src/main.rs:258 — sell
2022-07-10 21:20:11 | INFO  | src/main.rs:260 — 2022-07-10 21:20:00 - price=0.02278 - size=4033.4714678887794 - summ=91.8824800385064
2022-07-10 21:30:12 | INFO  | src/main.rs:180 — buy
2022-07-10 21:30:12 | INFO  | src/main.rs:182 — 2022-07-10 21:30:00 - price=0.02292 - pos_profit=-0.56469 - profit=-8.68221 - size=3984.1969473386553 - summ=91.31779403300197
2022-07-10 21:45:11 | INFO  | src/main.rs:228 — sell
2022-07-10 21:45:11 | INFO  | src/main.rs:230 — 2022-07-10 21:45:00 - price=0.02275 - pos_profit=-0.67731 - profit=-9.35952 - size=3984.1969473386557 - summ=90.64048055195441
2022-07-10 21:55:11 | INFO  | src/main.rs:197 — 2022-07-10 21:55:00 - price=0.02268 - pos_profit=0.27889 - profit=-9.08063 - summ=90.91937433826811 close by WMA signal
2022-07-10 22:35:11 | INFO  | src/main.rs:210 — buy
2022-07-10 22:35:11 | INFO  | src/main.rs:212 — 2022-07-10 22:35:00 - price=0.02237 - size=4064.3439579020164 - summ=90.91937433826811
2022-07-10 22:50:11 | INFO  | src/main.rs:245 — 2022-07-10 22:50:00 - price=0.02245 - pos_profit=0.32515 - profit=-8.75548 - summ=91.24452185490027 close by WMA signal
2022-07-10 23:05:11 | INFO  | src/main.rs:258 — sell
2022-07-10 23:05:11 | INFO  | src/main.rs:260 — 2022-07-10 23:05:00 - price=0.02234 - size=4084.3563945792425 - summ=91.24452185490027
2022-07-10 23:15:10 | INFO  | src/main.rs:197 — 2022-07-10 23:15:00 - price=0.02225 - pos_profit=0.36759 - profit=-8.38789 - summ=91.6121139304124 close by WMA signal
2022-07-10 23:30:11 | INFO  | src/main.rs:210 — buy
2022-07-10 23:30:11 | INFO  | src/main.rs:212 — 2022-07-10 23:30:00 - price=0.02236 - size=4097.14284125279 - summ=91.6121139304124
2022-07-10 23:40:10 | INFO  | src/main.rs:228 — sell
2022-07-10 23:40:10 | INFO  | src/main.rs:230 — 2022-07-10 23:40:00 - price=0.02234 - pos_profit=-0.08194 - profit=-8.46983 - size=4097.14284125279 - summ=91.53017107358733
2022-07-10 23:45:10 | INFO  | src/main.rs:180 — buy
2022-07-10 23:45:10 | INFO  | src/main.rs:182 — 2022-07-10 23:45:00 - price=0.02243 - pos_profit=-0.36874 - profit=-8.83857 - size=4064.2634069493793 - summ=91.16142821787457
2022-07-11 00:00:11 | INFO  | src/main.rs:228 — sell
2022-07-11 00:00:11 | INFO  | src/main.rs:230 — 2022-07-11 00:00:00 - price=0.02231 - pos_profit=-0.48771 - profit=-9.32628 - size=4064.2634069493793 - summ=90.67371660904065
2022-07-11 00:10:10 | INFO  | src/main.rs:197 — 2022-07-11 00:10:00 - price=0.02201 - pos_profit=1.21928 - profit=-8.10700 - summ=91.89299563112547 close by WMA signal
2022-07-11 00:40:11 | INFO  | src/main.rs:210 — buy
2022-07-11 00:40:11 | INFO  | src/main.rs:212 — 2022-07-11 00:40:00 - price=0.02186 - size=4203.705198130167 - summ=91.89299563112547
2022-07-11 01:00:12 | INFO  | src/main.rs:245 — 2022-07-11 01:00:00 - price=0.02192 - pos_profit=0.25222 - profit=-7.85478 - summ=92.14521794301326 close by WMA signal
2022-07-11 01:02:00 | INFO  | src/best_params.rs:40 — Reload_params
2022-07-11 01:02:00 | INFO  | src/best_params.rs:42 — start_count_best_params
2022-07-11 01:02:07 | INFO  | src/best_params.rs:61 — duration time 7.688038875s
2022-07-11 01:02:07 | INFO  | src/best_params.rs:62 — best_profit=Mutex { data: 27.935324975131323, poisoned: false, .. }
2022-07-11 01:02:07 | INFO  | src/best_params.rs:63 — best_params=Mutex { data: BestParams { profit: 27.935324975131323, profit_trade: 146, loss_trade: 115, accel: 0.095, max: 0.184, period: 12, pnl: "wma" }, poisoned: false, .. }
2022-07-11 01:25:11 | INFO  | src/main.rs:258 — sell
2022-07-11 01:25:11 | INFO  | src/main.rs:260 — 2022-07-11 01:25:00 - price=0.02166 - size=4254.165186658046 - summ=92.14521794301326
2022-07-11 01:35:11 | INFO  | src/main.rs:197 — 2022-07-11 01:35:00 - price=0.0217 - pos_profit=-0.17017 - profit=-8.02495 - summ=91.97505133554692 close by WMA signal
2022-07-11 02:30:10 | INFO  | src/main.rs:210 — buy
2022-07-11 02:30:10 | INFO  | src/main.rs:212 — 2022-07-11 02:30:00 - price=0.02158 - size=4262.050571619413 - summ=91.97505133554692
2022-07-11 02:45:10 | INFO  | src/main.rs:245 — 2022-07-11 02:45:00 - price=0.02161 - pos_profit=0.12786 - profit=-7.89709 - summ=92.10291285269551 close by WMA signal
2022-07-11 02:50:11 | INFO  | src/main.rs:258 — sell
2022-07-11 02:50:11 | INFO  | src/main.rs:260 — 2022-07-11 02:50:00 - price=0.02155 - size=4273.91706973065 - summ=92.10291285269551
2022-07-11 03:05:11 | INFO  | src/main.rs:197 — 2022-07-11 03:05:00 - price=0.02143 - pos_profit=0.51287 - profit=-7.38422 - summ=92.61578290106318 close by WMA signal
2022-07-11 03:10:10 | INFO  | src/main.rs:210 — buy
2022-07-11 03:10:10 | INFO  | src/main.rs:212 — 2022-07-11 03:10:00 - price=0.02167 - size=4273.91706973065 - summ=92.61578290106318
2022-07-11 03:25:11 | INFO  | src/main.rs:245 — 2022-07-11 03:25:00 - price=0.0217 - pos_profit=0.12822 - profit=-7.25600 - summ=92.7440004131551 close by WMA signal
2022-07-11 03:35:11 | INFO  | src/main.rs:258 — sell
2022-07-11 03:35:11 | INFO  | src/main.rs:260 — 2022-07-11 03:35:00 - price=0.02158 - size=4297.683058996993 - summ=92.7440004131551
2022-07-11 03:50:11 | INFO  | src/main.rs:197 — 2022-07-11 03:50:00 - price=0.02157 - pos_profit=0.04298 - profit=-7.21302 - summ=92.78697724374507 close by WMA signal
2022-07-11 04:25:11 | INFO  | src/main.rs:210 — buy
2022-07-11 04:25:11 | INFO  | src/main.rs:212 — 2022-07-11 04:25:00 - price=0.02143 - size=4329.77028668899 - summ=92.78697724374507
2022-07-11 04:30:10 | INFO  | src/main.rs:228 — sell
2022-07-11 04:30:10 | INFO  | src/main.rs:230 — 2022-07-11 04:30:00 - price=0.02137 - pos_profit=-0.25979 - profit=-7.47281 - size=4329.77028668899 - summ=92.52719102654372
2022-07-11 04:40:11 | INFO  | src/main.rs:197 — 2022-07-11 04:40:00 - price=0.02134 - pos_profit=0.12989 - profit=-7.34292 - summ=92.65708413514437 close by WMA signal
2022-07-11 04:50:11 | INFO  | src/main.rs:210 — buy
2022-07-11 04:50:11 | INFO  | src/main.rs:212 — 2022-07-11 04:50:00 - price=0.0215 - size=4309.631820239273 - summ=92.65708413514437
2022-07-11 05:02:00 | INFO  | src/best_params.rs:40 — Reload_params
2022-07-11 05:02:00 | INFO  | src/best_params.rs:42 — start_count_best_params
2022-07-11 05:02:08 | INFO  | src/best_params.rs:61 — duration time 7.919730894s
2022-07-11 05:02:08 | INFO  | src/best_params.rs:62 — best_profit=Mutex { data: 26.045324062454767, poisoned: false, .. }
2022-07-11 05:02:08 | INFO  | src/best_params.rs:63 — best_params=Mutex { data: BestParams { profit: 26.045324062454767, profit_trade: 5, loss_trade: 4, accel: 0.003, max: 0.007, period: 10, pnl: "wma" }, poisoned: false, .. }
2022-07-11 05:05:11 | INFO  | src/main.rs:228 — sell
2022-07-11 05:05:11 | INFO  | src/main.rs:230 — 2022-07-11 05:05:00 - price=0.02143 - pos_profit=-0.30167 - profit=-7.64459 - size=4309.631820239273 - summ=92.35540990772763
2022-07-11 09:02:00 | INFO  | src/best_params.rs:40 — Reload_params
2022-07-11 09:02:00 | INFO  | src/best_params.rs:42 — start_count_best_params
2022-07-11 09:02:08 | INFO  | src/best_params.rs:61 — duration time 7.881764362s
2022-07-11 09:02:08 | INFO  | src/best_params.rs:62 — best_profit=Mutex { data: 30.410169355193517, poisoned: false, .. }
2022-07-11 09:02:08 | INFO  | src/best_params.rs:63 — best_params=Mutex { data: BestParams { profit: 30.410169355193517, profit_trade: 4, loss_trade: 5, accel: 0.003, max: 0.007, period: 10, pnl: "wma" }, poisoned: false, .. }
2022-07-11 13:02:00 | INFO  | src/best_params.rs:40 — Reload_params
2022-07-11 13:02:00 | INFO  | src/best_params.rs:42 — start_count_best_params
2022-07-11 13:02:09 | INFO  | src/best_params.rs:61 — duration time 8.76586852s
2022-07-11 13:02:09 | INFO  | src/best_params.rs:62 — best_profit=Mutex { data: 33.55276958869251, poisoned: false, .. }
2022-07-11 13:02:09 | INFO  | src/best_params.rs:63 — best_params=Mutex { data: BestParams { profit: 33.55276958869251, profit_trade: 5, loss_trade: 1, accel: 0.003, max: 0.007, period: 10, pnl: "wma" }, poisoned: false, .. }
2022-07-11 17:02:00 | INFO  | src/best_params.rs:40 — Reload_params
2022-07-11 17:02:00 | INFO  | src/best_params.rs:42 — start_count_best_params
2022-07-11 17:02:07 | INFO  | src/best_params.rs:61 — duration time 7.654249816s
2022-07-11 17:02:07 | INFO  | src/best_params.rs:62 — best_profit=Mutex { data: 32.89379210716939, poisoned: false, .. }
2022-07-11 17:02:07 | INFO  | src/best_params.rs:63 — best_params=Mutex { data: BestParams { profit: 32.89379210716939, profit_trade: 4, loss_trade: 1, accel: 0.003, max: 0.007, period: 10, pnl: "wma" }, poisoned: false, .. }
2022-07-11 18:00:11 | INFO  | src/main.rs:180 — buy
2022-07-11 18:00:11 | INFO  | src/main.rs:182 — 2022-07-11 18:00:00 - price=0.02123 - pos_profit=0.86193 - profit=-6.78266 - size=4390.830724059138 - summ=93.21733627177551
2022-07-11 20:20:11 | INFO  | src/main.rs:228 — sell
2022-07-11 20:20:11 | INFO  | src/main.rs:230 — 2022-07-11 20:20:00 - price=0.02065 - pos_profit=-2.54668 - profit=-9.32935 - size=4390.830724059138 - summ=90.67065445182122
2022-07-11 21:02:00 | INFO  | src/best_params.rs:40 — Reload_params
2022-07-11 21:02:00 | INFO  | src/best_params.rs:42 — start_count_best_params
2022-07-11 21:02:08 | INFO  | src/best_params.rs:61 — duration time 8.612880835s
2022-07-11 21:02:08 | INFO  | src/best_params.rs:62 — best_profit=Mutex { data: 41.00060295466557, poisoned: false, .. }
2022-07-11 21:02:08 | INFO  | src/best_params.rs:63 — best_params=Mutex { data: BestParams { profit: 41.00060295466557, profit_trade: 4, loss_trade: 1, accel: 0.001, max: 0.007, period: 10, pnl: "wma" }, poisoned: false, .. }
2022-07-11 21:05:11 | INFO  | src/main.rs:180 — buy
2022-07-11 21:05:11 | INFO  | src/main.rs:182 — 2022-07-11 21:05:00 - price=0.02066 - pos_profit=-0.04391 - profit=-9.37325 - size=4386.580161886768 - summ=90.62674614458064
2022-07-11 21:50:11 | INFO  | src/main.rs:228 — sell
2022-07-11 21:50:11 | INFO  | src/main.rs:230 — 2022-07-11 21:50:00 - price=0.02035 - pos_profit=-1.35984 - profit=-10.73309 - size=4386.580161886768 - summ=89.26690629439572
2022-07-12 01:02:00 | INFO  | src/best_params.rs:40 — Reload_params
2022-07-12 01:02:00 | INFO  | src/best_params.rs:42 — start_count_best_params
2022-07-12 01:02:08 | INFO  | src/best_params.rs:61 — duration time 7.8293172s
2022-07-12 01:02:08 | INFO  | src/best_params.rs:62 — best_profit=Mutex { data: 35.907237128960304, poisoned: false, .. }
2022-07-12 01:02:08 | INFO  | src/best_params.rs:63 — best_params=Mutex { data: BestParams { profit: 35.907237128960304, profit_trade: 4, loss_trade: 3, accel: 0.002, max: 0.007, period: 10, pnl: "wma" }, poisoned: false, .. }
2022-07-12 05:02:00 | INFO  | src/best_params.rs:40 — Reload_params
2022-07-12 05:02:00 | INFO  | src/best_params.rs:42 — start_count_best_params
2022-07-12 05:02:08 | INFO  | src/best_params.rs:61 — duration time 7.844465624s
2022-07-12 05:02:08 | INFO  | src/best_params.rs:62 — best_profit=Mutex { data: 41.38677818481028, poisoned: false, .. }
2022-07-12 05:02:08 | INFO  | src/best_params.rs:63 — best_params=Mutex { data: BestParams { profit: 41.38677818481028, profit_trade: 85, loss_trade: 99, accel: 0.045, max: 0.232, period: 5, pnl: "wma" }, poisoned: false, .. }
2022-07-12 05:05:12 | INFO  | src/main.rs:180 — buy
2022-07-12 05:05:12 | INFO  | src/main.rs:182 — 2022-07-12 05:05:00 - price=0.02037 - pos_profit=-0.08773 - profit=-10.82083 - size=4377.966356954245 - summ=89.17917469115798
2022-07-12 05:10:11 | INFO  | src/main.rs:228 — sell
2022-07-12 05:10:11 | INFO  | src/main.rs:230 — 2022-07-12 05:10:00 - price=0.02036 - pos_profit=-0.04378 - profit=-10.86460 - size=4377.966356954245 - summ=89.13539502758843
2022-07-12 05:25:11 | INFO  | src/main.rs:197 — 2022-07-12 05:25:00 - price=0.0204 - pos_profit=-0.17512 - profit=-11.03972 - summ=88.96027637331025 close by WMA signal
2022-07-12 05:30:12 | INFO  | src/main.rs:210 — buy
2022-07-12 05:30:12 | INFO  | src/main.rs:212 — 2022-07-12 05:30:00 - price=0.0204 - size=4360.797861436777 - summ=88.96027637331025
2022-07-12 05:50:11 | INFO  | src/main.rs:245 — 2022-07-12 05:50:00 - price=0.02059 - pos_profit=0.82855 - profit=-10.21117 - summ=89.78882796698323 close by WMA signal
2022-07-12 06:00:11 | INFO  | src/main.rs:258 — sell
2022-07-12 06:00:11 | INFO  | src/main.rs:260 — 2022-07-12 06:00:00 - price=0.02045 - size=4390.651734326809 - summ=89.78882796698323
2022-07-12 07:25:10 | INFO  | src/main.rs:197 — 2022-07-12 07:25:00 - price=0.01999 - pos_profit=2.01970 - profit=-8.19147 - summ=91.80852776477356 close by WMA signal
2022-07-12 07:40:10 | INFO  | src/main.rs:210 — buy
2022-07-12 07:40:10 | INFO  | src/main.rs:212 — 2022-07-12 07:40:00 - price=0.02014 - size=4558.516770842778 - summ=91.80852776477356
2022-07-12 08:05:11 | INFO  | src/main.rs:228 — sell
2022-07-12 08:05:11 | INFO  | src/main.rs:230 — 2022-07-12 08:05:00 - price=0.02005 - pos_profit=-0.41027 - profit=-8.60174 - size=4558.516770842778 - summ=91.39826125539768
2022-07-12 08:35:12 | INFO  | src/main.rs:180 — buy
2022-07-12 08:35:12 | INFO  | src/main.rs:182 — 2022-07-12 08:35:00 - price=0.02002 - pos_profit=0.13676 - profit=-8.46498 - size=4572.178659266881 - summ=91.53501675852296
2022-07-12 09:00:11 | INFO  | src/main.rs:228 — sell
2022-07-12 09:00:11 | INFO  | src/main.rs:230 — 2022-07-12 09:00:00 - price=0.01986 - pos_profit=-0.73155 - profit=-9.19653 - size=4572.178659266881 - summ=90.80346817304026
2022-07-12 09:02:00 | INFO  | src/best_params.rs:40 — Reload_params
2022-07-12 09:02:00 | INFO  | src/best_params.rs:42 — start_count_best_params
2022-07-12 09:02:08 | INFO  | src/best_params.rs:61 — duration time 8.073124519s
2022-07-12 09:02:08 | INFO  | src/best_params.rs:62 — best_profit=Mutex { data: 43.44285497333438, poisoned: false, .. }
2022-07-12 09:02:08 | INFO  | src/best_params.rs:63 — best_params=Mutex { data: BestParams { profit: 43.44285497333438, profit_trade: 86, loss_trade: 99, accel: 0.045, max: 0.232, period: 5, pnl: "wma" }, poisoned: false, .. }
2022-07-12 10:05:11 | INFO  | src/main.rs:180 — buy
2022-07-12 10:05:11 | INFO  | src/main.rs:182 — 2022-07-12 10:05:00 - price=0.01956 - pos_profit=1.37165 - profit=-7.82488 - size=4712.429538385496 - summ=92.17512177082031
2022-07-12 10:35:11 | INFO  | src/main.rs:228 — sell
2022-07-12 10:35:11 | INFO  | src/main.rs:230 — 2022-07-12 10:35:00 - price=0.0196 - pos_profit=0.18850 - profit=-7.63638 - size=4712.429538385496 - summ=92.36361895235572
2022-07-12 10:50:12 | INFO  | src/main.rs:180 — buy
2022-07-12 10:50:12 | INFO  | src/main.rs:182 — 2022-07-12 10:50:00 - price=0.01973 - pos_profit=-0.61262 - profit=-8.24900 - size=4650.329605289691 - summ=91.75100311236561
2022-07-12 11:05:10 | INFO  | src/main.rs:228 — sell
2022-07-12 11:05:10 | INFO  | src/main.rs:230 — 2022-07-12 11:05:00 - price=0.01957 - pos_profit=-0.74405 - profit=-8.99305 - size=4650.329605289691 - summ=91.00695037551927
2022-07-12 11:15:10 | INFO  | src/main.rs:180 — buy
2022-07-12 11:15:10 | INFO  | src/main.rs:182 — 2022-07-12 11:15:00 - price=0.01974 - pos_profit=-0.79056 - profit=-9.78361 - size=4570.232742787235 - summ=90.21639434262002
2022-07-12 12:05:11 | INFO  | src/main.rs:245 — 2022-07-12 12:05:00 - price=0.02004 - pos_profit=1.37107 - profit=-8.41254 - summ=91.58746416545618 close by WMA signal
2022-07-12 12:35:11 | INFO  | src/main.rs:258 — sell
2022-07-12 12:35:11 | INFO  | src/main.rs:260 — 2022-07-12 12:35:00 - price=0.02015 - size=4545.283581412217 - summ=91.58746416545618
2022-07-12 12:40:10 | INFO  | src/main.rs:180 — buy
2022-07-12 12:40:10 | INFO  | src/main.rs:182 — 2022-07-12 12:40:00 - price=0.02013 - pos_profit=0.09091 - profit=-8.32163 - size=4554.315441484572 - summ=91.67836983708443
2022-07-12 13:02:00 | INFO  | src/best_params.rs:40 — Reload_params
2022-07-12 13:02:00 | INFO  | src/best_params.rs:42 — start_count_best_params
2022-07-12 13:02:07 | INFO  | src/best_params.rs:61 — duration time 7.434826887s
2022-07-12 13:02:07 | INFO  | src/best_params.rs:62 — best_profit=Mutex { data: 43.913005296974816, poisoned: false, .. }
2022-07-12 13:02:07 | INFO  | src/best_params.rs:63 — best_params=Mutex { data: BestParams { profit: 43.913005296974816, profit_trade: 86, loss_trade: 102, accel: 0.045, max: 0.232, period: 5, pnl: "wma" }, poisoned: false, .. }
2022-07-12 13:25:11 | INFO  | src/main.rs:228 — sell
2022-07-12 13:25:11 | INFO  | src/main.rs:230 — 2022-07-12 13:25:00 - price=0.02008 - pos_profit=-0.22772 - profit=-8.54935 - size=4554.315441484572 - summ=91.45065406501021
2022-07-12 13:40:12 | INFO  | src/main.rs:180 — buy
2022-07-12 13:40:12 | INFO  | src/main.rs:182 — 2022-07-12 13:40:00 - price=0.02028 - pos_profit=-0.91086 - profit=-9.46021 - size=4464.486734551938 - summ=90.5397909767133
2022-07-12 14:00:11 | INFO  | src/main.rs:228 — sell
2022-07-12 14:00:11 | INFO  | src/main.rs:230 — 2022-07-12 14:00:00 - price=0.01996 - pos_profit=-1.42864 - profit=-10.88884 - size=4464.486734551938 - summ=89.11115522165667
2022-07-12 14:45:12 | INFO  | src/main.rs:180 — buy
2022-07-12 14:45:12 | INFO  | src/main.rs:182 — 2022-07-12 14:45:00 - price=0.02012 - pos_profit=-0.71432 - profit=-11.60316 - size=4393.4809813185075 - summ=88.39683734412836
2022-07-12 15:35:11 | INFO  | src/main.rs:228 — sell
2022-07-12 15:35:11 | INFO  | src/main.rs:230 — 2022-07-12 15:35:00 - price=0.02025 - pos_profit=0.57115 - profit=-11.03201 - size=4393.4809813185075 - summ=88.96798987169979
2022-07-12 15:50:10 | INFO  | src/main.rs:197 — 2022-07-12 15:50:00 - price=0.02026 - pos_profit=-0.04393 - profit=-11.07594 - summ=88.9240550618866 close by WMA signal
2022-07-12 16:10:11 | INFO  | src/main.rs:210 — buy
2022-07-12 16:10:11 | INFO  | src/main.rs:212 — 2022-07-12 16:10:00 - price=0.02011 - size=4421.882399894908 - summ=88.9240550618866
2022-07-12 16:15:11 | INFO  | src/main.rs:228 — sell
2022-07-12 16:15:11 | INFO  | src/main.rs:230 — 2022-07-12 16:15:00 - price=0.02013 - pos_profit=0.08844 - profit=-10.98751 - size=4421.882399894908 - summ=89.0124927098845
2022-07-12 17:02:00 | INFO  | src/best_params.rs:40 — Reload_params
2022-07-12 17:02:00 | INFO  | src/best_params.rs:42 — start_count_best_params
2022-07-12 17:02:08 | INFO  | src/best_params.rs:61 — duration time 8.152516972s
2022-07-12 17:02:08 | INFO  | src/best_params.rs:62 — best_profit=Mutex { data: 40.29894006796319, poisoned: false, .. }
2022-07-12 17:02:08 | INFO  | src/best_params.rs:63 — best_params=Mutex { data: BestParams { profit: 40.29894006796319, profit_trade: 4, loss_trade: 0, accel: 0.001, max: 0.005, period: 12, pnl: "wma" }, poisoned: false, .. }
2022-07-12 17:05:10 | INFO  | src/main.rs:180 — buy
2022-07-12 17:05:10 | INFO  | src/main.rs:182 — 2022-07-12 17:05:00 - price=0.02011 - pos_profit=0.08844 - profit=-10.89907 - size=4430.677790048851 - summ=89.10093035788239
2022-07-12 19:20:11 | INFO  | src/main.rs:228 — sell
2022-07-12 19:20:11 | INFO  | src/main.rs:230 — 2022-07-12 19:20:00 - price=0.01957 - pos_profit=-2.39257 - profit=-13.29164 - size=4430.677790048851 - summ=86.70836435125602
2022-07-12 21:02:00 | INFO  | src/best_params.rs:40 — Reload_params
2022-07-12 21:02:00 | INFO  | src/best_params.rs:42 — start_count_best_params
2022-07-12 21:02:08 | INFO  | src/best_params.rs:61 — duration time 7.73290891s
2022-07-12 21:02:08 | INFO  | src/best_params.rs:62 — best_profit=Mutex { data: 41.085342468509936, poisoned: false, .. }
2022-07-12 21:02:08 | INFO  | src/best_params.rs:63 — best_params=Mutex { data: BestParams { profit: 41.085342468509936, profit_trade: 85, loss_trade: 103, accel: 0.045, max: 0.232, period: 5, pnl: "wma" }, poisoned: false, .. }
2022-07-12 21:25:11 | INFO  | src/main.rs:180 — buy
2022-07-12 21:25:11 | INFO  | src/main.rs:182 — 2022-07-12 21:25:00 - price=0.01958 - pos_profit=-0.04431 - profit=-13.33594 - size=4426.152072183633 - summ=86.66405757335554
2022-07-12 22:00:11 | INFO  | src/main.rs:228 — sell
2022-07-12 22:00:11 | INFO  | src/main.rs:230 — 2022-07-12 22:00:00 - price=0.01943 - pos_profit=-0.66392 - profit=-13.99987 - size=4426.152072183633 - summ=86.00013476252799
2022-07-12 22:25:11 | INFO  | src/main.rs:180 — buy
2022-07-12 22:25:11 | INFO  | src/main.rs:182 — 2022-07-12 22:25:00 - price=0.01945 - pos_profit=-0.08852 - profit=-14.08839 - size=4417.049445814105 - summ=85.91161172108433
2022-07-12 22:55:11 | INFO  | src/main.rs:228 — sell
2022-07-12 22:55:11 | INFO  | src/main.rs:230 — 2022-07-12 22:55:00 - price=0.01937 - pos_profit=-0.35336 - profit=-14.44175 - size=4417.049445814105 - summ=85.5582477654192
2022-07-12 23:10:10 | INFO  | src/main.rs:180 — buy
2022-07-12 23:10:10 | INFO  | src/main.rs:182 — 2022-07-12 23:10:00 - price=0.01953 - pos_profit=-0.70673 - profit=-15.14848 - size=4344.675875785404 - summ=84.85151985408893
2022-07-12 23:35:11 | INFO  | src/main.rs:228 — sell
2022-07-12 23:35:11 | INFO  | src/main.rs:230 — 2022-07-12 23:35:00 - price=0.01942 - pos_profit=-0.47791 - profit=-15.62639 - size=4344.675875785404 - summ=84.37360550775254
2022-07-12 23:55:10 | INFO  | src/main.rs:197 — 2022-07-12 23:55:00 - price=0.01915 - pos_profit=1.17306 - profit=-14.45333 - summ=85.5466679942146 close by WMA signal
2022-07-13 00:20:11 | INFO  | src/main.rs:210 — buy
2022-07-13 00:20:11 | INFO  | src/main.rs:212 — 2022-07-13 00:20:00 - price=0.01917 - size=4462.528325206813 - summ=85.5466679942146
2022-07-13 01:02:00 | INFO  | src/best_params.rs:40 — Reload_params
2022-07-13 01:02:00 | INFO  | src/best_params.rs:42 — start_count_best_params
2022-07-13 01:02:08 | INFO  | src/best_params.rs:61 — duration time 7.872410863s
2022-07-13 01:02:08 | INFO  | src/best_params.rs:62 — best_profit=Mutex { data: 35.63259812558428, poisoned: false, .. }
2022-07-13 01:02:08 | INFO  | src/best_params.rs:63 — best_params=Mutex { data: BestParams { profit: 35.63259812558428, profit_trade: 4, loss_trade: 1, accel: 0.001, max: 0.005, period: 12, pnl: "wma" }, poisoned: false, .. }
2022-07-13 01:05:11 | INFO  | src/main.rs:228 — sell
2022-07-13 01:05:11 | INFO  | src/main.rs:230 — 2022-07-13 01:05:00 - price=0.01938 - pos_profit=0.93713 - profit=-13.51620 - size=4462.528325206813 - summ=86.48379894250805
2022-07-13 03:10:10 | INFO  | src/main.rs:180 — buy
2022-07-13 03:10:10 | INFO  | src/main.rs:182 — 2022-07-13 03:10:00 - price=0.01994 - pos_profit=-2.49902 - profit=-16.01522 - size=4211.874778354677 - summ=83.98478308039225
2022-07-13 05:02:00 | INFO  | src/best_params.rs:40 — Reload_params
2022-07-13 05:02:00 | INFO  | src/best_params.rs:42 — start_count_best_params
2022-07-13 05:02:08 | INFO  | src/best_params.rs:61 — duration time 7.858949694s
2022-07-13 05:02:08 | INFO  | src/best_params.rs:62 — best_profit=Mutex { data: 36.55359230760894, poisoned: false, .. }
2022-07-13 05:02:08 | INFO  | src/best_params.rs:63 — best_params=Mutex { data: BestParams { profit: 36.55359230760894, profit_trade: 53, loss_trade: 37, accel: 0.015, max: 0.096, period: 9, pnl: "wma" }, poisoned: false, .. }
2022-07-13 05:05:11 | INFO  | src/main.rs:228 — sell
2022-07-13 05:05:11 | INFO  | src/main.rs:230 — 2022-07-13 05:05:00 - price=0.01972 - pos_profit=-0.92661 - profit=-16.94183 - size=4211.874778354677 - summ=83.05817062915423
2022-07-13 05:25:11 | INFO  | src/main.rs:180 — buy
2022-07-13 05:25:11 | INFO  | src/main.rs:182 — 2022-07-13 05:25:00 - price=0.01979 - pos_profit=-0.29483 - profit=-17.23666 - size=4182.078797103053 - summ=82.76333939466942
2022-07-13 06:10:11 | INFO  | src/main.rs:228 — sell
2022-07-13 06:10:11 | INFO  | src/main.rs:230 — 2022-07-13 06:10:00 - price=0.01971 - pos_profit=-0.33457 - profit=-17.57123 - size=4182.078797103053 - summ=82.42877309090117
2022-07-13 07:05:10 | INFO  | src/main.rs:180 — buy
2022-07-13 07:05:10 | INFO  | src/main.rs:182 — 2022-07-13 07:05:00 - price=0.01992 - pos_profit=-0.87824 - profit=-18.44946 - size=4093.902436923169 - summ=81.55053654350952
2022-07-13 07:45:11 | INFO  | src/main.rs:245 — 2022-07-13 07:45:00 - price=0.02001 - pos_profit=0.36845 - profit=-18.08101 - summ=81.91898776283261 close by WMA signal
2022-07-13 09:02:00 | INFO  | src/best_params.rs:40 — Reload_params
2022-07-13 09:02:00 | INFO  | src/best_params.rs:42 — start_count_best_params
2022-07-13 09:02:08 | INFO  | src/best_params.rs:61 — duration time 7.905820539s
2022-07-13 09:02:08 | INFO  | src/best_params.rs:62 — best_profit=Mutex { data: 38.02993459331489, poisoned: false, .. }
2022-07-13 09:02:08 | INFO  | src/best_params.rs:63 — best_params=Mutex { data: BestParams { profit: 38.02993459331489, profit_trade: 3, loss_trade: 0, accel: 0.001, max: 0.004, period: 5, pnl: "wma" }, poisoned: false, .. }
2022-07-13 12:40:11 | INFO  | src/main.rs:258 — sell
2022-07-13 12:40:11 | INFO  | src/main.rs:260 — 2022-07-13 12:40:00 - price=0.01924 - size=4257.743646716872 - summ=81.91898776283261
2022-07-13 13:02:00 | INFO  | src/best_params.rs:40 — Reload_params
2022-07-13 13:02:00 | INFO  | src/best_params.rs:42 — start_count_best_params
2022-07-13 13:02:08 | INFO  | src/best_params.rs:61 — duration time 7.738299445s
2022-07-13 13:02:08 | INFO  | src/best_params.rs:62 — best_profit=Mutex { data: 32.76268679456092, poisoned: false, .. }
2022-07-13 13:02:08 | INFO  | src/best_params.rs:63 — best_params=Mutex { data: BestParams { profit: 32.76268679456092, profit_trade: 2, loss_trade: 1, accel: 0.001, max: 0.004, period: 9, pnl: "wma" }, poisoned: false, .. }
2022-07-13 17:02:00 | INFO  | src/best_params.rs:40 — Reload_params
2022-07-13 17:02:00 | INFO  | src/best_params.rs:42 — start_count_best_params
2022-07-13 17:02:08 | INFO  | src/best_params.rs:61 — duration time 7.702947758s
2022-07-13 17:02:08 | INFO  | src/best_params.rs:62 — best_profit=Mutex { data: 35.46889558894934, poisoned: false, .. }
2022-07-13 17:02:08 | INFO  | src/best_params.rs:63 — best_params=Mutex { data: BestParams { profit: 35.46889558894934, profit_trade: 82, loss_trade: 98, accel: 0.046, max: 0.163, period: 5, pnl: "wma" }, poisoned: false, .. }
2022-07-13 17:05:10 | INFO  | src/main.rs:180 — buy
2022-07-13 17:05:10 | INFO  | src/main.rs:182 — 2022-07-13 17:05:00 - price=0.02035 - pos_profit=-4.72610 - profit=-22.80711 - size=3793.262521620486 - summ=77.19289231497689
2022-07-13 17:50:11 | INFO  | src/main.rs:245 — 2022-07-13 17:50:00 - price=0.02053 - pos_profit=0.68279 - profit=-22.12432 - summ=77.87567956886858 close by WMA signal
2022-07-13 18:00:11 | INFO  | src/main.rs:258 — sell
2022-07-13 18:00:11 | INFO  | src/main.rs:260 — 2022-07-13 18:00:00 - price=0.02043 - size=3811.8296411585206 - summ=77.87567956886858
2022-07-13 18:45:11 | INFO  | src/main.rs:180 — buy
2022-07-13 18:45:11 | INFO  | src/main.rs:182 — 2022-07-13 18:45:00 - price=0.0207 - pos_profit=-1.02919 - profit=-23.15351 - size=3712.3906070413423 - summ=76.84648556575578
2022-07-13 19:10:11 | INFO  | src/main.rs:228 — sell
2022-07-13 19:10:11 | INFO  | src/main.rs:230 — 2022-07-13 19:10:00 - price=0.0205 - pos_profit=-0.74248 - profit=-23.89599 - size=3712.3906070413423 - summ=76.10400744434752
2022-07-13 19:40:10 | INFO  | src/main.rs:180 — buy
2022-07-13 19:40:10 | INFO  | src/main.rs:182 — 2022-07-13 19:40:00 - price=0.02058 - pos_profit=-0.29699 - profit=-24.19298 - size=3683.528483760165 - summ=75.8070161957842
2022-07-13 20:05:10 | INFO  | src/main.rs:245 — 2022-07-13 20:05:00 - price=0.02087 - pos_profit=1.06822 - profit=-23.12476 - summ=76.87523945607464 close by WMA signal
2022-07-13 20:25:11 | INFO  | src/main.rs:258 — sell
2022-07-13 20:25:11 | INFO  | src/main.rs:260 — 2022-07-13 20:25:00 - price=0.02069 - size=3715.5746474661496 - summ=76.87523945607464
2022-07-13 21:02:00 | INFO  | src/best_params.rs:40 — Reload_params
2022-07-13 21:02:00 | INFO  | src/best_params.rs:42 — start_count_best_params
2022-07-13 21:02:08 | INFO  | src/best_params.rs:61 — duration time 8.134095165s
2022-07-13 21:02:08 | INFO  | src/best_params.rs:62 — best_profit=Mutex { data: 36.93780116600749, poisoned: false, .. }
2022-07-13 21:02:08 | INFO  | src/best_params.rs:63 — best_params=Mutex { data: BestParams { profit: 36.93780116600749, profit_trade: 82, loss_trade: 99, accel: 0.046, max: 0.163, period: 5, pnl: "wma" }, poisoned: false, .. }
2022-07-13 21:10:11 | INFO  | src/main.rs:180 — buy
2022-07-13 21:10:11 | INFO  | src/main.rs:182 — 2022-07-13 21:10:00 - price=0.02078 - pos_profit=-0.33440 - profit=-23.45916 - size=3683.3896890184164 - summ=76.54083773780269
2022-07-13 22:05:11 | INFO  | src/main.rs:245 — 2022-07-13 22:05:00 - price=0.02125 - pos_profit=1.73119 - profit=-21.72797 - summ=78.27203089164135 close by WMA signal
2022-07-13 22:40:12 | INFO  | src/main.rs:258 — sell
2022-07-13 22:40:12 | INFO  | src/main.rs:260 — 2022-07-13 22:40:00 - price=0.0211 - size=3709.5749237744712 - summ=78.27203089164135
2022-07-13 23:05:12 | INFO  | src/main.rs:180 — buy
2022-07-13 23:05:12 | INFO  | src/main.rs:182 — 2022-07-13 23:05:00 - price=0.02121 - pos_profit=-0.40805 - profit=-22.13602 - size=3671.0974846782733 - summ=77.86397765002617
2022-07-13 23:45:11 | INFO  | src/main.rs:245 — 2022-07-13 23:45:00 - price=0.02144 - pos_profit=0.84435 - profit=-21.29167 - summ=78.70833007150219 close by WMA signal
2022-07-13 23:50:11 | INFO  | src/main.rs:258 — sell
2022-07-13 23:50:11 | INFO  | src/main.rs:260 — 2022-07-13 23:50:00 - price=0.02138 - size=3681.39990979898 - summ=78.70833007150219
2022-07-14 00:05:11 | INFO  | src/main.rs:180 — buy
2022-07-14 00:05:11 | INFO  | src/main.rs:182 — 2022-07-14 00:05:00 - price=0.02149 - pos_profit=-0.40495 - profit=-21.69662 - size=3643.7122420392884 - summ=78.3033760814243
2022-07-14 00:10:11 | INFO  | src/main.rs:228 — sell
2022-07-14 00:10:11 | INFO  | src/main.rs:230 — 2022-07-14 00:10:00 - price=0.02119 - pos_profit=-1.09311 - profit=-22.78974 - size=3643.7122420392884 - summ=77.21026240881253
2022-07-14 01:02:00 | INFO  | src/best_params.rs:40 — Reload_params
2022-07-14 01:02:00 | INFO  | src/best_params.rs:42 — start_count_best_params
2022-07-14 01:02:07 | INFO  | src/best_params.rs:61 — duration time 7.614476894s
2022-07-14 01:02:07 | INFO  | src/best_params.rs:62 — best_profit=Mutex { data: 34.77060362573346, poisoned: false, .. }
2022-07-14 01:02:07 | INFO  | src/best_params.rs:63 — best_params=Mutex { data: BestParams { profit: 34.77060362573346, profit_trade: 81, loss_trade: 101, accel: 0.046, max: 0.163, period: 5, pnl: "wma" }, poisoned: false, .. }
2022-07-14 01:15:11 | INFO  | src/main.rs:180 — buy
2022-07-14 01:15:11 | INFO  | src/main.rs:182 — 2022-07-14 01:15:00 - price=0.02104 - pos_profit=0.54656 - profit=-22.24318 - size=3695.666313931484 - summ=77.75681924511842
2022-07-14 01:35:11 | INFO  | src/main.rs:228 — sell
2022-07-14 01:35:11 | INFO  | src/main.rs:230 — 2022-07-14 01:35:00 - price=0.02083 - pos_profit=-0.77609 - profit=-23.01927 - size=3695.666313931484 - summ=76.98072931919282
2022-07-14 02:35:10 | INFO  | src/main.rs:180 — buy
2022-07-14 02:35:10 | INFO  | src/main.rs:182 — 2022-07-14 02:35:00 - price=0.02074 - pos_profit=0.33261 - profit=-22.68666 - size=3727.7405635220175 - summ=77.31333928744665
2022-07-14 02:55:11 | INFO  | src/main.rs:228 — sell
2022-07-14 02:55:11 | INFO  | src/main.rs:230 — 2022-07-14 02:55:00 - price=0.02058 - pos_profit=-0.59644 - profit=-23.28310 - size=3727.740563522018 - summ=76.71690079728313
2022-07-14 04:05:11 | INFO  | src/main.rs:180 — buy
2022-07-14 04:05:11 | INFO  | src/main.rs:182 — 2022-07-14 04:05:00 - price=0.02068 - pos_profit=-0.37277 - profit=-23.65587 - size=3691.688913971515 - summ=76.34412674093093
2022-07-14 04:20:11 | INFO  | src/main.rs:245 — 2022-07-14 04:20:00 - price=0.0207 - pos_profit=0.07383 - profit=-23.58204 - summ=76.41796051921035 close by WMA signal
2022-07-14 04:25:11 | INFO  | src/main.rs:258 — sell
2022-07-14 04:25:11 | INFO  | src/main.rs:260 — 2022-07-14 04:25:00 - price=0.02063 - size=3704.2152457203274 - summ=76.41796051921035
2022-07-14 05:02:00 | INFO  | src/best_params.rs:40 — Reload_params
2022-07-14 05:02:00 | INFO  | src/best_params.rs:42 — start_count_best_params
2022-07-14 05:02:07 | INFO  | src/best_params.rs:61 — duration time 7.834859512s
2022-07-14 05:02:07 | INFO  | src/best_params.rs:62 — best_profit=Mutex { data: 30.594800906448995, poisoned: false, .. }
2022-07-14 05:02:07 | INFO  | src/best_params.rs:63 — best_params=Mutex { data: BestParams { profit: 30.594800906448995, profit_trade: 13, loss_trade: 9, accel: 0.009, max: 0.019, period: 13, pnl: "wma" }, poisoned: false, .. }
2022-07-14 09:02:00 | INFO  | src/best_params.rs:40 — Reload_params
2022-07-14 09:02:00 | INFO  | src/best_params.rs:42 — start_count_best_params
2022-07-14 09:02:08 | INFO  | src/best_params.rs:61 — duration time 7.87032704s
2022-07-14 09:02:08 | INFO  | src/best_params.rs:62 — best_profit=Mutex { data: 30.627884940356964, poisoned: false, .. }
2022-07-14 09:02:08 | INFO  | src/best_params.rs:63 — best_params=Mutex { data: BestParams { profit: 30.627884940356964, profit_trade: 15, loss_trade: 10, accel: 0.004, max: 0.024, period: 21, pnl: "wma" }, poisoned: false, .. }
2022-07-14 10:45:11 | INFO  | src/main.rs:180 — buy
2022-07-14 10:45:12 | INFO  | src/main.rs:182 — 2022-07-14 10:45:00 - price=0.02021 - pos_profit=1.55577 - profit=-22.02627 - size=3858.175701257442 - summ=77.9737309224129
2022-07-14 11:35:11 | INFO  | src/main.rs:228 — sell
2022-07-14 11:35:11 | INFO  | src/main.rs:230 — 2022-07-14 11:35:00 - price=0.0199 - pos_profit=-1.19603 - profit=-23.22230 - size=3858.175701257442 - summ=76.7776964550231
2022-07-14 13:02:00 | INFO  | src/best_params.rs:40 — Reload_params
2022-07-14 13:02:00 | INFO  | src/best_params.rs:42 — start_count_best_params
2022-07-14 13:02:08 | INFO  | src/best_params.rs:61 — duration time 8.05691735s
2022-07-14 13:02:08 | INFO  | src/best_params.rs:62 — best_profit=Mutex { data: 37.418898920458105, poisoned: false, .. }
2022-07-14 13:02:08 | INFO  | src/best_params.rs:63 — best_params=Mutex { data: BestParams { profit: 37.418898920458105, profit_trade: 14, loss_trade: 8, accel: 0.003, max: 0.024, period: 9, pnl: "wma" }, poisoned: false, .. }
2022-07-14 14:55:11 | INFO  | src/main.rs:180 — buy
2022-07-14 14:55:11 | INFO  | src/main.rs:182 — 2022-07-14 14:55:00 - price=0.02013 - pos_profit=-0.88738 - profit=-24.10968 - size=3770.010732425927 - summ=75.8903160437339
2022-07-14 17:02:00 | INFO  | src/best_params.rs:40 — Reload_params
2022-07-14 17:02:00 | INFO  | src/best_params.rs:42 — start_count_best_params
2022-07-14 17:02:08 | INFO  | src/best_params.rs:61 — duration time 8.081841472s
2022-07-14 17:02:08 | INFO  | src/best_params.rs:62 — best_profit=Mutex { data: 36.68420173386842, poisoned: false, .. }
2022-07-14 17:02:08 | INFO  | src/best_params.rs:63 — best_params=Mutex { data: BestParams { profit: 36.68420173386842, profit_trade: 14, loss_trade: 5, accel: 0.003, max: 0.018, period: 15, pnl: "wma" }, poisoned: false, .. }
2022-07-14 17:30:12 | INFO  | src/main.rs:245 — 2022-07-14 17:30:00 - price=0.02092 - pos_profit=2.97831 - profit=-21.13138 - summ=78.8686245223504 close by WMA signal
2022-07-14 21:02:00 | INFO  | src/best_params.rs:40 — Reload_params
2022-07-14 21:02:00 | INFO  | src/best_params.rs:42 — start_count_best_params
2022-07-14 21:02:08 | INFO  | src/best_params.rs:61 — duration time 8.119000864s
2022-07-14 21:02:08 | INFO  | src/best_params.rs:62 — best_profit=Mutex { data: 38.37034313869802, poisoned: false, .. }
2022-07-14 21:02:08 | INFO  | src/best_params.rs:63 — best_params=Mutex { data: BestParams { profit: 38.37034313869802, profit_trade: 14, loss_trade: 5, accel: 0.003, max: 0.018, period: 12, pnl: "wma" }, poisoned: false, .. }
2022-07-14 21:55:11 | INFO  | src/main.rs:258 — sell
2022-07-14 21:55:11 | INFO  | src/main.rs:260 — 2022-07-14 21:55:00 - price=0.02085 - size=3782.6678427985803 - summ=78.8686245223504
2022-07-15 01:02:00 | INFO  | src/best_params.rs:40 — Reload_params
2022-07-15 01:02:00 | INFO  | src/best_params.rs:42 — start_count_best_params
2022-07-15 01:02:08 | INFO  | src/best_params.rs:61 — duration time 8.106117698s
2022-07-15 01:02:08 | INFO  | src/best_params.rs:62 — best_profit=Mutex { data: 35.98606632791072, poisoned: false, .. }
2022-07-15 01:02:08 | INFO  | src/best_params.rs:63 — best_params=Mutex { data: BestParams { profit: 35.98606632791072, profit_trade: 14, loss_trade: 5, accel: 0.003, max: 0.018, period: 12, pnl: "wma" }, poisoned: false, .. }
2022-07-15 01:50:11 | INFO  | src/main.rs:180 — buy
2022-07-15 01:50:11 | INFO  | src/main.rs:182 — 2022-07-15 01:50:00 - price=0.02121 - pos_profit=-1.36176 - profit=-22.49314 - size=3654.260447852094 - summ=77.50686409894291
2022-07-15 05:02:00 | INFO  | src/best_params.rs:40 — Reload_params
2022-07-15 05:02:00 | INFO  | src/best_params.rs:42 — start_count_best_params
2022-07-15 05:02:08 | INFO  | src/best_params.rs:61 — duration time 8.245154246s
2022-07-15 05:02:08 | INFO  | src/best_params.rs:62 — best_profit=Mutex { data: 34.32736738854621, poisoned: false, .. }
2022-07-15 05:02:08 | INFO  | src/best_params.rs:63 — best_params=Mutex { data: BestParams { profit: 34.32736738854621, profit_trade: 14, loss_trade: 10, accel: 0.012, max: 0.019, period: 13, pnl: "wma" }, poisoned: false, .. }
2022-07-15 05:30:11 | INFO  | src/main.rs:228 — sell
2022-07-15 05:30:11 | INFO  | src/main.rs:230 — 2022-07-15 05:30:00 - price=0.02146 - pos_profit=0.91357 - profit=-21.57957 - size=3654.260447852094 - summ=78.42042921090594
2022-07-15 07:50:11 | INFO  | src/main.rs:180 — buy
2022-07-15 07:50:11 | INFO  | src/main.rs:182 — 2022-07-15 07:50:00 - price=0.02172 - pos_profit=-0.95011 - profit=-22.52968 - size=3566.773549468895 - summ=77.4703214944644
2022-07-15 09:02:00 | INFO  | src/best_params.rs:40 — Reload_params
2022-07-15 09:02:00 | INFO  | src/best_params.rs:42 — start_count_best_params
2022-07-15 09:02:08 | INFO  | src/best_params.rs:61 — duration time 7.943426149s
2022-07-15 09:02:08 | INFO  | src/best_params.rs:62 — best_profit=Mutex { data: 39.94753884201451, poisoned: false, .. }
2022-07-15 09:02:08 | INFO  | src/best_params.rs:63 — best_params=Mutex { data: BestParams { profit: 39.94753884201451, profit_trade: 15, loss_trade: 4, accel: 0.003, max: 0.018, period: 12, pnl: "wma" }, poisoned: false, .. }
2022-07-15 09:05:11 | INFO  | src/main.rs:228 — sell
2022-07-15 09:05:11 | INFO  | src/main.rs:230 — 2022-07-15 09:05:00 - price=0.02167 - pos_profit=-0.17834 - profit=-22.70802 - size=3566.773549468895 - summ=77.29198281699095
2022-07-15 13:02:00 | INFO  | src/best_params.rs:40 — Reload_params
2022-07-15 13:02:00 | INFO  | src/best_params.rs:42 — start_count_best_params
2022-07-15 13:02:08 | INFO  | src/best_params.rs:61 — duration time 8.103016147s
2022-07-15 13:02:08 | INFO  | src/best_params.rs:62 — best_profit=Mutex { data: 40.16956455206595, poisoned: false, .. }
2022-07-15 13:02:08 | INFO  | src/best_params.rs:63 — best_params=Mutex { data: BestParams { profit: 40.16956455206595, profit_trade: 14, loss_trade: 4, accel: 0.003, max: 0.018, period: 12, pnl: "wma" }, poisoned: false, .. }
2022-07-15 17:02:00 | INFO  | src/best_params.rs:40 — Reload_params
2022-07-15 17:02:00 | INFO  | src/best_params.rs:42 — start_count_best_params
2022-07-15 17:02:08 | INFO  | src/best_params.rs:61 — duration time 7.812673798s
2022-07-15 17:02:08 | INFO  | src/best_params.rs:62 — best_profit=Mutex { data: 37.02361422546096, poisoned: false, .. }
2022-07-15 17:02:08 | INFO  | src/best_params.rs:63 — best_params=Mutex { data: BestParams { profit: 37.02361422546096, profit_trade: 13, loss_trade: 4, accel: 0.003, max: 0.018, period: 12, pnl: "wma" }, poisoned: false, .. }
2022-07-15 18:45:11 | INFO  | src/main.rs:180 — buy
2022-07-15 18:45:11 | INFO  | src/main.rs:182 — 2022-07-15 18:45:00 - price=0.02127 - pos_profit=1.42671 - profit=-21.28131 - size=3700.925822133451 - summ=78.71869223677851
2022-07-15 21:02:00 | INFO  | src/best_params.rs:40 — Reload_params
2022-07-15 21:02:00 | INFO  | src/best_params.rs:42 — start_count_best_params
2022-07-15 21:02:08 | INFO  | src/best_params.rs:61 — duration time 7.950675764s
2022-07-15 21:02:08 | INFO  | src/best_params.rs:62 — best_profit=Mutex { data: 36.322483027531405, poisoned: false, .. }
2022-07-15 21:02:08 | INFO  | src/best_params.rs:63 — best_params=Mutex { data: BestParams { profit: 36.322483027531405, profit_trade: 14, loss_trade: 5, accel: 0.003, max: 0.018, period: 12, pnl: "wma" }, poisoned: false, .. }
2022-07-15 22:30:11 | INFO  | src/main.rs:228 — sell
2022-07-15 22:30:11 | INFO  | src/main.rs:230 — 2022-07-15 22:30:00 - price=0.02127 - pos_profit=0.00000 - profit=-21.28131 - size=3700.925822133451 - summ=78.71869223677851
2022-07-16 01:02:00 | INFO  | src/best_params.rs:40 — Reload_params
2022-07-16 01:02:00 | INFO  | src/best_params.rs:42 — start_count_best_params
2022-07-16 01:02:08 | INFO  | src/best_params.rs:61 — duration time 7.872487292s
2022-07-16 01:02:08 | INFO  | src/best_params.rs:62 — best_profit=Mutex { data: 42.81759520395549, poisoned: false, .. }
2022-07-16 01:02:08 | INFO  | src/best_params.rs:63 — best_params=Mutex { data: BestParams { profit: 42.81759520395549, profit_trade: 14, loss_trade: 4, accel: 0.003, max: 0.018, period: 12, pnl: "wma" }, poisoned: false, .. }
2022-07-16 04:55:10 | INFO  | src/main.rs:180 — buy
2022-07-16 04:55:10 | INFO  | src/main.rs:182 — 2022-07-16 04:55:00 - price=0.0211 - pos_profit=0.62916 - profit=-20.65215 - size=3760.5615936749377 - summ=79.34784962654119
2022-07-16 05:02:00 | INFO  | src/best_params.rs:40 — Reload_params
2022-07-16 05:02:00 | INFO  | src/best_params.rs:42 — start_count_best_params
2022-07-16 05:02:08 | INFO  | src/best_params.rs:61 — duration time 7.964063459s
2022-07-16 05:02:08 | INFO  | src/best_params.rs:62 — best_profit=Mutex { data: 36.55048568727261, poisoned: false, .. }
2022-07-16 05:02:08 | INFO  | src/best_params.rs:63 — best_params=Mutex { data: BestParams { profit: 36.55048568727261, profit_trade: 14, loss_trade: 4, accel: 0.003, max: 0.018, period: 12, pnl: "wma" }, poisoned: false, .. }
2022-07-16 06:05:11 | INFO  | src/main.rs:228 — sell
2022-07-16 06:05:11 | INFO  | src/main.rs:230 — 2022-07-16 06:05:00 - price=0.02076 - pos_profit=-1.27859 - profit=-21.93074 - size=3760.5615936749373 - summ=78.0692586846917
2022-07-16 09:02:00 | INFO  | src/best_params.rs:40 — Reload_params
2022-07-16 09:02:00 | INFO  | src/best_params.rs:42 — start_count_best_params
2022-07-16 09:02:08 | INFO  | src/best_params.rs:61 — duration time 8.139776159s
2022-07-16 09:02:08 | INFO  | src/best_params.rs:62 — best_profit=Mutex { data: 34.544293717459595, poisoned: false, .. }
2022-07-16 09:02:08 | INFO  | src/best_params.rs:63 — best_params=Mutex { data: BestParams { profit: 34.544293717459595, profit_trade: 14, loss_trade: 5, accel: 0.003, max: 0.018, period: 12, pnl: "wma" }, poisoned: false, .. }
2022-07-16 12:55:11 | INFO  | src/main.rs:180 — buy
2022-07-16 12:55:11 | INFO  | src/main.rs:182 — 2022-07-16 12:55:00 - price=0.0208 - pos_profit=-0.15042 - profit=-22.08116 - size=3746.097895237727 - summ=77.91883622094471
2022-07-16 13:02:00 | INFO  | src/best_params.rs:40 — Reload_params
2022-07-16 13:02:00 | INFO  | src/best_params.rs:42 — start_count_best_params
2022-07-16 13:02:07 | INFO  | src/best_params.rs:61 — duration time 7.723968661s
2022-07-16 13:02:07 | INFO  | src/best_params.rs:62 — best_profit=Mutex { data: 34.609009587453556, poisoned: false, .. }
2022-07-16 13:02:07 | INFO  | src/best_params.rs:63 — best_params=Mutex { data: BestParams { profit: 34.609009587453556, profit_trade: 15, loss_trade: 5, accel: 0.003, max: 0.018, period: 12, pnl: "wma" }, poisoned: false, .. }
2022-07-16 13:05:11 | INFO  | src/main.rs:245 — 2022-07-16 13:05:00 - price=0.02089 - pos_profit=0.33715 - profit=-21.74401 - summ=78.2559850315161 close by WMA signal
2022-07-16 17:02:00 | INFO  | src/best_params.rs:40 — Reload_params
2022-07-16 17:02:00 | INFO  | src/best_params.rs:42 — start_count_best_params
2022-07-16 17:02:08 | INFO  | src/best_params.rs:61 — duration time 8.306529179s
2022-07-16 17:02:08 | INFO  | src/best_params.rs:62 — best_profit=Mutex { data: 37.58855531879112, poisoned: false, .. }
2022-07-16 17:02:08 | INFO  | src/best_params.rs:63 — best_params=Mutex { data: BestParams { profit: 37.58855531879112, profit_trade: 16, loss_trade: 4, accel: 0.003, max: 0.018, period: 12, pnl: "wma" }, poisoned: false, .. }
